{"/Users/Soren/Desktop/CSE118Assignments/Asgn9/Assignment9/App.js": {"path":"/Users/Soren/Desktop/CSE118Assignments/Asgn9/Assignment9/App.js","statementMap":{"0":{"start":{"line":5,"column":12},"end":{"line":11,"column":1}},"1":{"start":{"line":6,"column":2},"end":{"line":10,"column":4}}},"fnMap":{"0":{"name":"(anonymous_0)","decl":{"start":{"line":5,"column":12},"end":{"line":5,"column":13}},"loc":{"start":{"line":5,"column":18},"end":{"line":11,"column":1}},"line":5}},"branchMap":{},"s":{"0":2,"1":30},"f":{"0":30},"b":{},"_coverageSchema":"1a1c01bbd47fc00a2c39e90264f33305004495a9","hash":"16bd10d5631f969fa90db5f45b820cab3403752a"}
,"/Users/Soren/Desktop/CSE118Assignments/Asgn9/Assignment9/assets/UCSCSlugLogo.png": {"path":"/Users/Soren/Desktop/CSE118Assignments/Asgn9/Assignment9/assets/UCSCSlugLogo.png","statementMap":{"0":{"start":{"line":1,"column":0},"end":{"line":4,"column":6}}},"fnMap":{},"branchMap":{},"s":{"0":2},"f":{},"b":{},"_coverageSchema":"1a1c01bbd47fc00a2c39e90264f33305004495a9","hash":"83a7d53600a2e620f8af03086046100a84b620c0"}
,"/Users/Soren/Desktop/CSE118Assignments/Asgn9/Assignment9/src/Main.js": {"path":"/Users/Soren/Desktop/CSE118Assignments/Asgn9/Assignment9/src/Main.js","statementMap":{"0":{"start":{"line":29,"column":14},"end":{"line":29,"column":36}},"1":{"start":{"line":31,"column":13},"end":{"line":257,"column":1}},"2":{"start":{"line":33,"column":4},"end":{"line":33,"column":33}},"3":{"start":{"line":35,"column":23},"end":{"line":37,"column":3}},"4":{"start":{"line":36,"column":4},"end":{"line":36,"column":27}},"5":{"start":{"line":39,"column":27},"end":{"line":43,"column":3}},"6":{"start":{"line":40,"column":4},"end":{"line":42,"column":23}},"7":{"start":{"line":45,"column":36},"end":{"line":56,"column":3}},"8":{"start":{"line":46,"column":4},"end":{"line":55,"column":23}},"9":{"start":{"line":47,"column":21},"end":{"line":47,"column":54}},"10":{"start":{"line":58,"column":35},"end":{"line":69,"column":3}},"11":{"start":{"line":59,"column":4},"end":{"line":68,"column":23}},"12":{"start":{"line":60,"column":21},"end":{"line":60,"column":57}},"13":{"start":{"line":71,"column":38},"end":{"line":104,"column":3}},"14":{"start":{"line":72,"column":24},"end":{"line":78,"column":5}},"15":{"start":{"line":73,"column":6},"end":{"line":77,"column":24}},"16":{"start":{"line":74,"column":8},"end":{"line":74,"column":48}},"17":{"start":{"line":75,"column":25},"end":{"line":75,"column":72}},"18":{"start":{"line":76,"column":8},"end":{"line":76,"column":32}},"19":{"start":{"line":80,"column":4},"end":{"line":103,"column":6}},"20":{"start":{"line":93,"column":25},"end":{"line":93,"column":60}},"21":{"start":{"line":106,"column":36},"end":{"line":131,"column":3}},"22":{"start":{"line":107,"column":4},"end":{"line":130,"column":11}},"23":{"start":{"line":110,"column":25},"end":{"line":110,"column":58}},"24":{"start":{"line":121,"column":23},"end":{"line":121,"column":56}},"25":{"start":{"line":133,"column":2},"end":{"line":256,"column":4}},"26":{"start":{"line":142,"column":42},"end":{"line":148,"column":15}},"27":{"start":{"line":147,"column":35},"end":{"line":147,"column":76}},"28":{"start":{"line":153,"column":49},"end":{"line":162,"column":15}},"29":{"start":{"line":160,"column":26},"end":{"line":160,"column":65}},"30":{"start":{"line":167,"column":49},"end":{"line":174,"column":15}},"31":{"start":{"line":173,"column":35},"end":{"line":173,"column":74}},"32":{"start":{"line":179,"column":37},"end":{"line":185,"column":15}},"33":{"start":{"line":190,"column":30},"end":{"line":196,"column":15}},"34":{"start":{"line":201,"column":30},"end":{"line":207,"column":15}},"35":{"start":{"line":212,"column":30},"end":{"line":218,"column":15}},"36":{"start":{"line":223,"column":42},"end":{"line":230,"column":15}},"37":{"start":{"line":229,"column":35},"end":{"line":229,"column":73}},"38":{"start":{"line":235,"column":30},"end":{"line":241,"column":15}},"39":{"start":{"line":248,"column":28},"end":{"line":251,"column":13}}},"fnMap":{"0":{"name":"(anonymous_0)","decl":{"start":{"line":31,"column":13},"end":{"line":31,"column":14}},"loc":{"start":{"line":31,"column":19},"end":{"line":257,"column":1}},"line":31},"1":{"name":"(anonymous_1)","decl":{"start":{"line":35,"column":23},"end":{"line":35,"column":24}},"loc":{"start":{"line":35,"column":29},"end":{"line":37,"column":3}},"line":35},"2":{"name":"(anonymous_2)","decl":{"start":{"line":39,"column":27},"end":{"line":39,"column":28}},"loc":{"start":{"line":40,"column":4},"end":{"line":42,"column":23}},"line":40},"3":{"name":"(anonymous_3)","decl":{"start":{"line":45,"column":36},"end":{"line":45,"column":37}},"loc":{"start":{"line":46,"column":4},"end":{"line":55,"column":23}},"line":46},"4":{"name":"(anonymous_4)","decl":{"start":{"line":47,"column":15},"end":{"line":47,"column":16}},"loc":{"start":{"line":47,"column":21},"end":{"line":47,"column":54}},"line":47},"5":{"name":"(anonymous_5)","decl":{"start":{"line":58,"column":35},"end":{"line":58,"column":36}},"loc":{"start":{"line":59,"column":4},"end":{"line":68,"column":23}},"line":59},"6":{"name":"(anonymous_6)","decl":{"start":{"line":60,"column":15},"end":{"line":60,"column":16}},"loc":{"start":{"line":60,"column":21},"end":{"line":60,"column":57}},"line":60},"7":{"name":"(anonymous_7)","decl":{"start":{"line":71,"column":38},"end":{"line":71,"column":39}},"loc":{"start":{"line":71,"column":56},"end":{"line":104,"column":3}},"line":71},"8":{"name":"(anonymous_8)","decl":{"start":{"line":72,"column":24},"end":{"line":72,"column":25}},"loc":{"start":{"line":72,"column":36},"end":{"line":78,"column":5}},"line":72},"9":{"name":"(anonymous_9)","decl":{"start":{"line":93,"column":19},"end":{"line":93,"column":20}},"loc":{"start":{"line":93,"column":25},"end":{"line":93,"column":60}},"line":93},"10":{"name":"(anonymous_10)","decl":{"start":{"line":106,"column":36},"end":{"line":106,"column":37}},"loc":{"start":{"line":107,"column":4},"end":{"line":130,"column":11}},"line":107},"11":{"name":"(anonymous_11)","decl":{"start":{"line":110,"column":19},"end":{"line":110,"column":20}},"loc":{"start":{"line":110,"column":25},"end":{"line":110,"column":58}},"line":110},"12":{"name":"(anonymous_12)","decl":{"start":{"line":121,"column":17},"end":{"line":121,"column":18}},"loc":{"start":{"line":121,"column":23},"end":{"line":121,"column":56}},"line":121},"13":{"name":"(anonymous_13)","decl":{"start":{"line":142,"column":23},"end":{"line":142,"column":24}},"loc":{"start":{"line":142,"column":42},"end":{"line":148,"column":15}},"line":142},"14":{"name":"(anonymous_14)","decl":{"start":{"line":147,"column":29},"end":{"line":147,"column":30}},"loc":{"start":{"line":147,"column":35},"end":{"line":147,"column":76}},"line":147},"15":{"name":"(anonymous_15)","decl":{"start":{"line":153,"column":23},"end":{"line":153,"column":24}},"loc":{"start":{"line":153,"column":49},"end":{"line":162,"column":15}},"line":153},"16":{"name":"(anonymous_16)","decl":{"start":{"line":160,"column":20},"end":{"line":160,"column":21}},"loc":{"start":{"line":160,"column":26},"end":{"line":160,"column":65}},"line":160},"17":{"name":"(anonymous_17)","decl":{"start":{"line":167,"column":23},"end":{"line":167,"column":24}},"loc":{"start":{"line":167,"column":49},"end":{"line":174,"column":15}},"line":167},"18":{"name":"(anonymous_18)","decl":{"start":{"line":173,"column":29},"end":{"line":173,"column":30}},"loc":{"start":{"line":173,"column":35},"end":{"line":173,"column":74}},"line":173},"19":{"name":"(anonymous_19)","decl":{"start":{"line":179,"column":23},"end":{"line":179,"column":24}},"loc":{"start":{"line":179,"column":37},"end":{"line":185,"column":15}},"line":179},"20":{"name":"(anonymous_20)","decl":{"start":{"line":190,"column":23},"end":{"line":190,"column":24}},"loc":{"start":{"line":190,"column":30},"end":{"line":196,"column":15}},"line":190},"21":{"name":"(anonymous_21)","decl":{"start":{"line":201,"column":23},"end":{"line":201,"column":24}},"loc":{"start":{"line":201,"column":30},"end":{"line":207,"column":15}},"line":201},"22":{"name":"(anonymous_22)","decl":{"start":{"line":212,"column":23},"end":{"line":212,"column":24}},"loc":{"start":{"line":212,"column":30},"end":{"line":218,"column":15}},"line":212},"23":{"name":"(anonymous_23)","decl":{"start":{"line":223,"column":23},"end":{"line":223,"column":24}},"loc":{"start":{"line":223,"column":42},"end":{"line":230,"column":15}},"line":223},"24":{"name":"(anonymous_24)","decl":{"start":{"line":229,"column":29},"end":{"line":229,"column":30}},"loc":{"start":{"line":229,"column":35},"end":{"line":229,"column":73}},"line":229},"25":{"name":"(anonymous_25)","decl":{"start":{"line":235,"column":23},"end":{"line":235,"column":24}},"loc":{"start":{"line":235,"column":30},"end":{"line":241,"column":15}},"line":235},"26":{"name":"(anonymous_26)","decl":{"start":{"line":248,"column":21},"end":{"line":248,"column":22}},"loc":{"start":{"line":248,"column":28},"end":{"line":251,"column":13}},"line":248}},"branchMap":{"0":{"loc":{"start":{"line":82,"column":9},"end":{"line":91,"column":9}},"type":"binary-expr","locations":[{"start":{"line":82,"column":9},"end":{"line":82,"column":22}},{"start":{"line":82,"column":26},"end":{"line":82,"column":51}},{"start":{"line":83,"column":10},"end":{"line":90,"column":29}}],"line":82},"1":{"loc":{"start":{"line":108,"column":7},"end":{"line":119,"column":7}},"type":"binary-expr","locations":[{"start":{"line":108,"column":7},"end":{"line":108,"column":20}},{"start":{"line":108,"column":24},"end":{"line":108,"column":49}},{"start":{"line":109,"column":8},"end":{"line":118,"column":27}}],"line":108},"2":{"loc":{"start":{"line":137,"column":9},"end":{"line":253,"column":9}},"type":"cond-expr","locations":[{"start":{"line":138,"column":10},"end":{"line":243,"column":13}},{"start":{"line":245,"column":10},"end":{"line":252,"column":12}}],"line":137},"3":{"loc":{"start":{"line":159,"column":29},"end":{"line":161,"column":29}},"type":"cond-expr","locations":[{"start":{"line":160,"column":20},"end":{"line":160,"column":65}},{"start":{"line":161,"column":20},"end":{"line":161,"column":29}}],"line":159}},"s":{"0":2,"1":2,"2":401,"3":401,"4":7,"5":401,"6":388,"7":401,"8":95,"9":6,"10":401,"11":73,"12":6,"13":401,"14":388,"15":1,"16":1,"17":1,"18":1,"19":388,"20":11,"21":401,"22":243,"23":5,"24":5,"25":401,"26":486,"27":388,"28":278,"29":243,"30":82,"31":95,"32":3,"33":27,"34":14,"35":35,"36":68,"37":73,"38":27,"39":73},"f":{"0":401,"1":7,"2":388,"3":95,"4":6,"5":73,"6":6,"7":388,"8":1,"9":11,"10":243,"11":5,"12":5,"13":486,"14":388,"15":278,"16":243,"17":82,"18":95,"19":3,"20":27,"21":14,"22":35,"23":68,"24":73,"25":27,"26":73},"b":{"0":[388,388,388],"1":[243,243,243],"2":[335,66],"3":[222,56]},"_coverageSchema":"1a1c01bbd47fc00a2c39e90264f33305004495a9","hash":"4ed6fed3e835c13e8006a3b9a260a8562ab43d92"}
,"/Users/Soren/Desktop/CSE118Assignments/Asgn9/Assignment9/src/Styles.js": {"path":"/Users/Soren/Desktop/CSE118Assignments/Asgn9/Assignment9/src/Styles.js","statementMap":{},"fnMap":{},"branchMap":{},"s":{},"f":{},"b":{},"_coverageSchema":"1a1c01bbd47fc00a2c39e90264f33305004495a9","hash":"3e91a3c052af8145a4bc59bd729b66006a4b95cf"}
,"/Users/Soren/Desktop/CSE118Assignments/Asgn9/Assignment9/src/Data/LoginCredentials.js": {"path":"/Users/Soren/Desktop/CSE118Assignments/Asgn9/Assignment9/src/Data/LoginCredentials.js","statementMap":{"0":{"start":{"line":3,"column":4},"end":{"line":3,"column":23}},"1":{"start":{"line":4,"column":4},"end":{"line":4,"column":29}}},"fnMap":{"0":{"name":"(anonymous_0)","decl":{"start":{"line":2,"column":2},"end":{"line":2,"column":3}},"loc":{"start":{"line":2,"column":31},"end":{"line":5,"column":3}},"line":2}},"branchMap":{},"s":{"0":28,"1":28},"f":{"0":28},"b":{},"_coverageSchema":"1a1c01bbd47fc00a2c39e90264f33305004495a9","hash":"04ef363b474a6da3ac55e3f90064adeb2eae563d"}
,"/Users/Soren/Desktop/CSE118Assignments/Asgn9/Assignment9/src/Data/LoginResponse.js": {"path":"/Users/Soren/Desktop/CSE118Assignments/Asgn9/Assignment9/src/Data/LoginResponse.js","statementMap":{"0":{"start":{"line":3,"column":4},"end":{"line":3,"column":17}},"1":{"start":{"line":4,"column":4},"end":{"line":4,"column":21}},"2":{"start":{"line":5,"column":4},"end":{"line":5,"column":35}}},"fnMap":{"0":{"name":"(anonymous_0)","decl":{"start":{"line":2,"column":2},"end":{"line":2,"column":3}},"loc":{"start":{"line":2,"column":37},"end":{"line":6,"column":3}},"line":2}},"branchMap":{},"s":{"0":27,"1":27,"2":27},"f":{"0":27},"b":{},"_coverageSchema":"1a1c01bbd47fc00a2c39e90264f33305004495a9","hash":"f56e164d69bb7141a5da3cd8e00180c3068aca61"}
,"/Users/Soren/Desktop/CSE118Assignments/Asgn9/Assignment9/src/Model/ViewModel.js": {"path":"/Users/Soren/Desktop/CSE118Assignments/Asgn9/Assignment9/src/Model/ViewModel.js","statementMap":{"0":{"start":{"line":24,"column":33},"end":{"line":24,"column":48}},"1":{"start":{"line":26,"column":18},"end":{"line":215,"column":1}},"2":{"start":{"line":27,"column":44},"end":{"line":27,"column":58}},"3":{"start":{"line":28,"column":50},"end":{"line":28,"column":64}},"4":{"start":{"line":29,"column":38},"end":{"line":29,"column":50}},"5":{"start":{"line":30,"column":36},"end":{"line":30,"column":50}},"6":{"start":{"line":31,"column":34},"end":{"line":31,"column":46}},"7":{"start":{"line":32,"column":32},"end":{"line":32,"column":46}},"8":{"start":{"line":33,"column":34},"end":{"line":33,"column":46}},"9":{"start":{"line":34,"column":32},"end":{"line":34,"column":46}},"10":{"start":{"line":35,"column":36},"end":{"line":35,"column":51}},"11":{"start":{"line":36,"column":32},"end":{"line":36,"column":44}},"12":{"start":{"line":37,"column":38},"end":{"line":37,"column":50}},"13":{"start":{"line":39,"column":2},"end":{"line":51,"column":25}},"14":{"start":{"line":40,"column":25},"end":{"line":47,"column":5}},"15":{"start":{"line":41,"column":6},"end":{"line":46,"column":24}},"16":{"start":{"line":42,"column":25},"end":{"line":42,"column":54}},"17":{"start":{"line":43,"column":8},"end":{"line":45,"column":10}},"18":{"start":{"line":48,"column":4},"end":{"line":50,"column":5}},"19":{"start":{"line":49,"column":6},"end":{"line":49,"column":21}},"20":{"start":{"line":53,"column":41},"end":{"line":55,"column":3}},"21":{"start":{"line":54,"column":4},"end":{"line":54,"column":37}},"22":{"start":{"line":58,"column":2},"end":{"line":68,"column":22}},"23":{"start":{"line":59,"column":28},"end":{"line":66,"column":5}},"24":{"start":{"line":60,"column":6},"end":{"line":65,"column":24}},"25":{"start":{"line":61,"column":8},"end":{"line":64,"column":9}},"26":{"start":{"line":62,"column":27},"end":{"line":62,"column":73}},"27":{"start":{"line":63,"column":10},"end":{"line":63,"column":34}},"28":{"start":{"line":67,"column":4},"end":{"line":67,"column":22}},"29":{"start":{"line":71,"column":2},"end":{"line":81,"column":32}},"30":{"start":{"line":72,"column":28},"end":{"line":77,"column":5}},"31":{"start":{"line":73,"column":6},"end":{"line":76,"column":24}},"32":{"start":{"line":74,"column":25},"end":{"line":74,"column":71}},"33":{"start":{"line":75,"column":8},"end":{"line":75,"column":32}},"34":{"start":{"line":78,"column":4},"end":{"line":80,"column":5}},"35":{"start":{"line":79,"column":6},"end":{"line":79,"column":24}},"36":{"start":{"line":84,"column":2},"end":{"line":102,"column":33}},"37":{"start":{"line":85,"column":26},"end":{"line":93,"column":5}},"38":{"start":{"line":86,"column":6},"end":{"line":92,"column":24}},"39":{"start":{"line":87,"column":25},"end":{"line":90,"column":9}},"40":{"start":{"line":91,"column":8},"end":{"line":91,"column":30}},"41":{"start":{"line":94,"column":4},"end":{"line":101,"column":5}},"42":{"start":{"line":100,"column":6},"end":{"line":100,"column":22}},"43":{"start":{"line":105,"column":2},"end":{"line":128,"column":31}},"44":{"start":{"line":106,"column":26},"end":{"line":124,"column":5}},"45":{"start":{"line":107,"column":6},"end":{"line":123,"column":24}},"46":{"start":{"line":108,"column":25},"end":{"line":111,"column":9}},"47":{"start":{"line":113,"column":34},"end":{"line":121,"column":9}},"48":{"start":{"line":115,"column":27},"end":{"line":118,"column":13}},"49":{"start":{"line":119,"column":12},"end":{"line":119,"column":51}},"50":{"start":{"line":122,"column":8},"end":{"line":122,"column":39}},"51":{"start":{"line":125,"column":4},"end":{"line":127,"column":5}},"52":{"start":{"line":126,"column":6},"end":{"line":126,"column":22}},"53":{"start":{"line":131,"column":2},"end":{"line":149,"column":43}},"54":{"start":{"line":132,"column":26},"end":{"line":140,"column":5}},"55":{"start":{"line":133,"column":6},"end":{"line":139,"column":24}},"56":{"start":{"line":134,"column":25},"end":{"line":137,"column":9}},"57":{"start":{"line":138,"column":8},"end":{"line":138,"column":30}},"58":{"start":{"line":141,"column":4},"end":{"line":148,"column":5}},"59":{"start":{"line":147,"column":6},"end":{"line":147,"column":22}},"60":{"start":{"line":152,"column":2},"end":{"line":170,"column":33}},"61":{"start":{"line":153,"column":25},"end":{"line":161,"column":5}},"62":{"start":{"line":154,"column":6},"end":{"line":160,"column":24}},"63":{"start":{"line":155,"column":25},"end":{"line":158,"column":9}},"64":{"start":{"line":159,"column":8},"end":{"line":159,"column":29}},"65":{"start":{"line":162,"column":4},"end":{"line":169,"column":5}},"66":{"start":{"line":168,"column":6},"end":{"line":168,"column":21}},"67":{"start":{"line":173,"column":2},"end":{"line":186,"column":31}},"68":{"start":{"line":174,"column":25},"end":{"line":182,"column":5}},"69":{"start":{"line":175,"column":6},"end":{"line":181,"column":24}},"70":{"start":{"line":176,"column":25},"end":{"line":176,"column":71}},"71":{"start":{"line":177,"column":33},"end":{"line":179,"column":9}},"72":{"start":{"line":178,"column":15},"end":{"line":178,"column":58}},"73":{"start":{"line":178,"column":39},"end":{"line":178,"column":57}},"74":{"start":{"line":180,"column":8},"end":{"line":180,"column":40}},"75":{"start":{"line":183,"column":4},"end":{"line":185,"column":5}},"76":{"start":{"line":184,"column":6},"end":{"line":184,"column":21}},"77":{"start":{"line":188,"column":2},"end":{"line":214,"column":4}}},"fnMap":{"0":{"name":"(anonymous_0)","decl":{"start":{"line":26,"column":18},"end":{"line":26,"column":19}},"loc":{"start":{"line":26,"column":27},"end":{"line":215,"column":1}},"line":26},"1":{"name":"(anonymous_1)","decl":{"start":{"line":39,"column":12},"end":{"line":39,"column":13}},"loc":{"start":{"line":39,"column":18},"end":{"line":51,"column":3}},"line":39},"2":{"name":"(anonymous_2)","decl":{"start":{"line":40,"column":25},"end":{"line":40,"column":26}},"loc":{"start":{"line":40,"column":37},"end":{"line":47,"column":5}},"line":40},"3":{"name":"(anonymous_3)","decl":{"start":{"line":53,"column":41},"end":{"line":53,"column":42}},"loc":{"start":{"line":53,"column":62},"end":{"line":55,"column":3}},"line":53},"4":{"name":"(anonymous_4)","decl":{"start":{"line":58,"column":12},"end":{"line":58,"column":13}},"loc":{"start":{"line":58,"column":18},"end":{"line":68,"column":3}},"line":58},"5":{"name":"(anonymous_5)","decl":{"start":{"line":59,"column":28},"end":{"line":59,"column":29}},"loc":{"start":{"line":59,"column":40},"end":{"line":66,"column":5}},"line":59},"6":{"name":"(anonymous_6)","decl":{"start":{"line":71,"column":12},"end":{"line":71,"column":13}},"loc":{"start":{"line":71,"column":18},"end":{"line":81,"column":3}},"line":71},"7":{"name":"(anonymous_7)","decl":{"start":{"line":72,"column":28},"end":{"line":72,"column":29}},"loc":{"start":{"line":72,"column":40},"end":{"line":77,"column":5}},"line":72},"8":{"name":"(anonymous_8)","decl":{"start":{"line":84,"column":12},"end":{"line":84,"column":13}},"loc":{"start":{"line":84,"column":18},"end":{"line":102,"column":3}},"line":84},"9":{"name":"(anonymous_9)","decl":{"start":{"line":85,"column":26},"end":{"line":85,"column":27}},"loc":{"start":{"line":85,"column":38},"end":{"line":93,"column":5}},"line":85},"10":{"name":"(anonymous_10)","decl":{"start":{"line":105,"column":12},"end":{"line":105,"column":13}},"loc":{"start":{"line":105,"column":18},"end":{"line":128,"column":3}},"line":105},"11":{"name":"(anonymous_11)","decl":{"start":{"line":106,"column":26},"end":{"line":106,"column":27}},"loc":{"start":{"line":106,"column":38},"end":{"line":124,"column":5}},"line":106},"12":{"name":"(anonymous_12)","decl":{"start":{"line":114,"column":23},"end":{"line":114,"column":24}},"loc":{"start":{"line":114,"column":40},"end":{"line":120,"column":11}},"line":114},"13":{"name":"(anonymous_13)","decl":{"start":{"line":131,"column":12},"end":{"line":131,"column":13}},"loc":{"start":{"line":131,"column":18},"end":{"line":149,"column":3}},"line":131},"14":{"name":"(anonymous_14)","decl":{"start":{"line":132,"column":26},"end":{"line":132,"column":27}},"loc":{"start":{"line":132,"column":38},"end":{"line":140,"column":5}},"line":132},"15":{"name":"(anonymous_15)","decl":{"start":{"line":152,"column":12},"end":{"line":152,"column":13}},"loc":{"start":{"line":152,"column":18},"end":{"line":170,"column":3}},"line":152},"16":{"name":"(anonymous_16)","decl":{"start":{"line":153,"column":25},"end":{"line":153,"column":26}},"loc":{"start":{"line":153,"column":37},"end":{"line":161,"column":5}},"line":153},"17":{"name":"(anonymous_17)","decl":{"start":{"line":173,"column":12},"end":{"line":173,"column":13}},"loc":{"start":{"line":173,"column":18},"end":{"line":186,"column":3}},"line":173},"18":{"name":"(anonymous_18)","decl":{"start":{"line":174,"column":25},"end":{"line":174,"column":26}},"loc":{"start":{"line":174,"column":37},"end":{"line":182,"column":5}},"line":174},"19":{"name":"(anonymous_19)","decl":{"start":{"line":178,"column":10},"end":{"line":178,"column":11}},"loc":{"start":{"line":178,"column":15},"end":{"line":178,"column":58}},"line":178},"20":{"name":"(anonymous_20)","decl":{"start":{"line":178,"column":29},"end":{"line":178,"column":30}},"loc":{"start":{"line":178,"column":39},"end":{"line":178,"column":57}},"line":178}},"branchMap":{"0":{"loc":{"start":{"line":48,"column":4},"end":{"line":50,"column":5}},"type":"if","locations":[{"start":{"line":48,"column":4},"end":{"line":50,"column":5}},{"start":{},"end":{}}],"line":48},"1":{"loc":{"start":{"line":61,"column":8},"end":{"line":64,"column":9}},"type":"if","locations":[{"start":{"line":61,"column":8},"end":{"line":64,"column":9}},{"start":{},"end":{}}],"line":61},"2":{"loc":{"start":{"line":61,"column":12},"end":{"line":61,"column":54}},"type":"binary-expr","locations":[{"start":{"line":61,"column":12},"end":{"line":61,"column":25}},{"start":{"line":61,"column":29},"end":{"line":61,"column":54}}],"line":61},"3":{"loc":{"start":{"line":78,"column":4},"end":{"line":80,"column":5}},"type":"if","locations":[{"start":{"line":78,"column":4},"end":{"line":80,"column":5}},{"start":{},"end":{}}],"line":78},"4":{"loc":{"start":{"line":78,"column":8},"end":{"line":78,"column":50}},"type":"binary-expr","locations":[{"start":{"line":78,"column":8},"end":{"line":78,"column":21}},{"start":{"line":78,"column":25},"end":{"line":78,"column":50}}],"line":78},"5":{"loc":{"start":{"line":94,"column":4},"end":{"line":101,"column":5}},"type":"if","locations":[{"start":{"line":94,"column":4},"end":{"line":101,"column":5}},{"start":{},"end":{}}],"line":94},"6":{"loc":{"start":{"line":95,"column":6},"end":{"line":98,"column":31}},"type":"binary-expr","locations":[{"start":{"line":95,"column":6},"end":{"line":95,"column":15}},{"start":{"line":96,"column":6},"end":{"line":96,"column":18}},{"start":{"line":97,"column":6},"end":{"line":97,"column":19}},{"start":{"line":98,"column":6},"end":{"line":98,"column":31}}],"line":95},"7":{"loc":{"start":{"line":125,"column":4},"end":{"line":127,"column":5}},"type":"if","locations":[{"start":{"line":125,"column":4},"end":{"line":127,"column":5}},{"start":{},"end":{}}],"line":125},"8":{"loc":{"start":{"line":125,"column":8},"end":{"line":125,"column":75}},"type":"binary-expr","locations":[{"start":{"line":125,"column":8},"end":{"line":125,"column":15}},{"start":{"line":125,"column":19},"end":{"line":125,"column":29}},{"start":{"line":125,"column":33},"end":{"line":125,"column":46}},{"start":{"line":125,"column":50},"end":{"line":125,"column":75}}],"line":125},"9":{"loc":{"start":{"line":141,"column":4},"end":{"line":148,"column":5}},"type":"if","locations":[{"start":{"line":141,"column":4},"end":{"line":148,"column":5}},{"start":{},"end":{}}],"line":141},"10":{"loc":{"start":{"line":142,"column":6},"end":{"line":145,"column":31}},"type":"binary-expr","locations":[{"start":{"line":142,"column":6},"end":{"line":142,"column":15}},{"start":{"line":143,"column":6},"end":{"line":143,"column":18}},{"start":{"line":144,"column":6},"end":{"line":144,"column":19}},{"start":{"line":145,"column":6},"end":{"line":145,"column":31}}],"line":142},"11":{"loc":{"start":{"line":162,"column":4},"end":{"line":169,"column":5}},"type":"if","locations":[{"start":{"line":162,"column":4},"end":{"line":169,"column":5}},{"start":{},"end":{}}],"line":162},"12":{"loc":{"start":{"line":163,"column":6},"end":{"line":166,"column":31}},"type":"binary-expr","locations":[{"start":{"line":163,"column":6},"end":{"line":163,"column":15}},{"start":{"line":164,"column":6},"end":{"line":164,"column":18}},{"start":{"line":165,"column":6},"end":{"line":165,"column":19}},{"start":{"line":166,"column":6},"end":{"line":166,"column":31}}],"line":163},"13":{"loc":{"start":{"line":183,"column":4},"end":{"line":185,"column":5}},"type":"if","locations":[{"start":{"line":183,"column":4},"end":{"line":185,"column":5}},{"start":{},"end":{}}],"line":183},"14":{"loc":{"start":{"line":183,"column":8},"end":{"line":183,"column":61}},"type":"binary-expr","locations":[{"start":{"line":183,"column":8},"end":{"line":183,"column":21}},{"start":{"line":183,"column":25},"end":{"line":183,"column":50}},{"start":{"line":183,"column":54},"end":{"line":183,"column":61}}],"line":183}},"s":{"0":2,"1":2,"2":403,"3":401,"4":401,"5":401,"6":401,"7":401,"8":401,"9":401,"10":401,"11":401,"12":401,"13":401,"14":56,"15":28,"16":28,"17":27,"18":56,"19":28,"20":401,"21":28,"22":401,"23":62,"24":62,"25":62,"26":27,"27":27,"28":62,"29":401,"30":125,"31":90,"32":90,"33":90,"34":125,"35":90,"36":401,"37":80,"38":18,"39":18,"40":18,"41":80,"42":18,"43":401,"44":72,"45":10,"46":10,"47":10,"48":12,"49":12,"50":10,"51":72,"52":10,"53":401,"54":102,"55":40,"56":40,"57":40,"58":102,"59":40,"60":401,"61":80,"62":18,"63":18,"64":18,"65":80,"66":18,"67":401,"68":88,"69":53,"70":53,"71":53,"72":4081,"73":846,"74":53,"75":88,"76":53,"77":401},"f":{"0":403,"1":56,"2":28,"3":28,"4":62,"5":62,"6":125,"7":90,"8":80,"9":18,"10":72,"11":10,"12":12,"13":102,"14":40,"15":80,"16":18,"17":88,"18":53,"19":4081,"20":846},"b":{"0":[28,28],"1":[27,35],"2":[62,27],"3":[90,35],"4":[125,90],"5":[18,62],"6":[80,23,23,18],"7":[10,62],"8":[72,13,13,10],"9":[40,62],"10":[102,45,45,40],"11":[18,62],"12":[80,23,23,18],"13":[53,35],"14":[88,53,53]},"_coverageSchema":"1a1c01bbd47fc00a2c39e90264f33305004495a9","hash":"5adaa9a1edfd289a8706f9123bb3b99dd6fa34d7"}
,"/Users/Soren/Desktop/CSE118Assignments/Asgn9/Assignment9/src/Repo/ChannelRepo.js": {"path":"/Users/Soren/Desktop/CSE118Assignments/Asgn9/Assignment9/src/Repo/ChannelRepo.js","statementMap":{"0":{"start":{"line":1,"column":27},"end":{"line":13,"column":1}},"1":{"start":{"line":2,"column":14},"end":{"line":2,"column":70}},"2":{"start":{"line":3,"column":18},"end":{"line":6,"column":3}},"3":{"start":{"line":7,"column":19},"end":{"line":10,"column":4}},"4":{"start":{"line":11,"column":23},"end":{"line":11,"column":44}},"5":{"start":{"line":12,"column":2},"end":{"line":12,"column":22}},"6":{"start":{"line":15,"column":29},"end":{"line":25,"column":1}},"7":{"start":{"line":16,"column":14},"end":{"line":16,"column":55}},"8":{"start":{"line":17,"column":18},"end":{"line":20,"column":3}},"9":{"start":{"line":21,"column":2},"end":{"line":24,"column":5}},"10":{"start":{"line":27,"column":27},"end":{"line":42,"column":1}},"11":{"start":{"line":28,"column":14},"end":{"line":28,"column":70}},"12":{"start":{"line":29,"column":18},"end":{"line":33,"column":3}},"13":{"start":{"line":34,"column":22},"end":{"line":34,"column":44}},"14":{"start":{"line":35,"column":19},"end":{"line":39,"column":4}},"15":{"start":{"line":40,"column":23},"end":{"line":40,"column":44}},"16":{"start":{"line":41,"column":2},"end":{"line":41,"column":22}}},"fnMap":{"0":{"name":"(anonymous_0)","decl":{"start":{"line":1,"column":27},"end":{"line":1,"column":28}},"loc":{"start":{"line":1,"column":54},"end":{"line":13,"column":1}},"line":1},"1":{"name":"(anonymous_1)","decl":{"start":{"line":15,"column":29},"end":{"line":15,"column":30}},"loc":{"start":{"line":15,"column":56},"end":{"line":25,"column":1}},"line":15},"2":{"name":"(anonymous_2)","decl":{"start":{"line":27,"column":27},"end":{"line":27,"column":28}},"loc":{"start":{"line":27,"column":60},"end":{"line":42,"column":1}},"line":27}},"branchMap":{},"s":{"0":2,"1":58,"2":58,"3":58,"4":58,"5":58,"6":2,"7":1,"8":1,"9":1,"10":2,"11":3,"12":3,"13":3,"14":3,"15":3,"16":3},"f":{"0":58,"1":1,"2":3},"b":{},"_coverageSchema":"1a1c01bbd47fc00a2c39e90264f33305004495a9","hash":"3c84dcb860c674c3f4a28b6720fcf737c047a520"}
,"/Users/Soren/Desktop/CSE118Assignments/Asgn9/Assignment9/src/Repo/Login.js": {"path":"/Users/Soren/Desktop/CSE118Assignments/Asgn9/Assignment9/src/Repo/Login.js","statementMap":{"0":{"start":{"line":1,"column":21},"end":{"line":14,"column":1}},"1":{"start":{"line":2,"column":14},"end":{"line":2,"column":47}},"2":{"start":{"line":3,"column":18},"end":{"line":6,"column":3}},"3":{"start":{"line":7,"column":19},"end":{"line":11,"column":4}},"4":{"start":{"line":12,"column":23},"end":{"line":12,"column":44}},"5":{"start":{"line":13,"column":2},"end":{"line":13,"column":22}}},"fnMap":{"0":{"name":"(anonymous_0)","decl":{"start":{"line":1,"column":21},"end":{"line":1,"column":22}},"loc":{"start":{"line":1,"column":42},"end":{"line":14,"column":1}},"line":1}},"branchMap":{},"s":{"0":2,"1":28,"2":28,"3":28,"4":28,"5":27},"f":{"0":28},"b":{},"_coverageSchema":"1a1c01bbd47fc00a2c39e90264f33305004495a9","hash":"b044c3a46cd32979fcb0340ce52a6519314192f7"}
,"/Users/Soren/Desktop/CSE118Assignments/Asgn9/Assignment9/src/Repo/MemberRepo.js": {"path":"/Users/Soren/Desktop/CSE118Assignments/Asgn9/Assignment9/src/Repo/MemberRepo.js","statementMap":{"0":{"start":{"line":6,"column":29},"end":{"line":18,"column":1}},"1":{"start":{"line":7,"column":14},"end":{"line":7,"column":48}},"2":{"start":{"line":8,"column":18},"end":{"line":11,"column":3}},"3":{"start":{"line":12,"column":19},"end":{"line":15,"column":4}},"4":{"start":{"line":16,"column":23},"end":{"line":16,"column":44}},"5":{"start":{"line":17,"column":2},"end":{"line":17,"column":22}},"6":{"start":{"line":20,"column":29},"end":{"line":24,"column":1}},"7":{"start":{"line":21,"column":23},"end":{"line":21,"column":55}},"8":{"start":{"line":22,"column":20},"end":{"line":22,"column":65}},"9":{"start":{"line":22,"column":48},"end":{"line":22,"column":64}},"10":{"start":{"line":23,"column":2},"end":{"line":23,"column":19}},"11":{"start":{"line":26,"column":37},"end":{"line":38,"column":1}},"12":{"start":{"line":27,"column":14},"end":{"line":27,"column":69}},"13":{"start":{"line":28,"column":18},"end":{"line":31,"column":3}},"14":{"start":{"line":32,"column":19},"end":{"line":35,"column":4}},"15":{"start":{"line":36,"column":23},"end":{"line":36,"column":44}},"16":{"start":{"line":37,"column":2},"end":{"line":37,"column":22}},"17":{"start":{"line":40,"column":26},"end":{"line":54,"column":1}},"18":{"start":{"line":42,"column":4},"end":{"line":45,"column":12}},"19":{"start":{"line":46,"column":18},"end":{"line":49,"column":3}},"20":{"start":{"line":50,"column":2},"end":{"line":53,"column":5}},"21":{"start":{"line":56,"column":28},"end":{"line":70,"column":1}},"22":{"start":{"line":58,"column":4},"end":{"line":61,"column":12}},"23":{"start":{"line":62,"column":18},"end":{"line":65,"column":3}},"24":{"start":{"line":66,"column":2},"end":{"line":69,"column":5}}},"fnMap":{"0":{"name":"(anonymous_0)","decl":{"start":{"line":6,"column":29},"end":{"line":6,"column":30}},"loc":{"start":{"line":6,"column":50},"end":{"line":18,"column":1}},"line":6},"1":{"name":"(anonymous_1)","decl":{"start":{"line":20,"column":29},"end":{"line":20,"column":30}},"loc":{"start":{"line":20,"column":56},"end":{"line":24,"column":1}},"line":20},"2":{"name":"(anonymous_2)","decl":{"start":{"line":22,"column":38},"end":{"line":22,"column":39}},"loc":{"start":{"line":22,"column":48},"end":{"line":22,"column":64}},"line":22},"3":{"name":"(anonymous_3)","decl":{"start":{"line":26,"column":37},"end":{"line":26,"column":38}},"loc":{"start":{"line":26,"column":64},"end":{"line":38,"column":1}},"line":26},"4":{"name":"(anonymous_4)","decl":{"start":{"line":40,"column":26},"end":{"line":40,"column":27}},"loc":{"start":{"line":40,"column":72},"end":{"line":54,"column":1}},"line":40},"5":{"name":"(anonymous_5)","decl":{"start":{"line":56,"column":28},"end":{"line":56,"column":29}},"loc":{"start":{"line":56,"column":74},"end":{"line":70,"column":1}},"line":56}},"branchMap":{},"s":{"0":2,"1":69,"2":69,"3":69,"4":69,"5":69,"6":2,"7":16,"8":16,"9":864,"10":16,"11":2,"12":25,"13":25,"14":25,"15":25,"16":25,"17":2,"18":6,"19":6,"20":6,"21":2,"22":1,"23":1,"24":1},"f":{"0":69,"1":16,"2":864,"3":25,"4":6,"5":1},"b":{},"_coverageSchema":"1a1c01bbd47fc00a2c39e90264f33305004495a9","hash":"f934352f904beeeab100b379b588e85b48f57aa4"}
,"/Users/Soren/Desktop/CSE118Assignments/Asgn9/Assignment9/src/Repo/MessageRepo.js": {"path":"/Users/Soren/Desktop/CSE118Assignments/Asgn9/Assignment9/src/Repo/MessageRepo.js","statementMap":{"0":{"start":{"line":1,"column":27},"end":{"line":13,"column":1}},"1":{"start":{"line":2,"column":14},"end":{"line":2,"column":68}},"2":{"start":{"line":3,"column":18},"end":{"line":6,"column":3}},"3":{"start":{"line":7,"column":19},"end":{"line":10,"column":4}},"4":{"start":{"line":11,"column":23},"end":{"line":11,"column":44}},"5":{"start":{"line":12,"column":2},"end":{"line":12,"column":22}},"6":{"start":{"line":15,"column":27},"end":{"line":30,"column":1}},"7":{"start":{"line":16,"column":14},"end":{"line":16,"column":68}},"8":{"start":{"line":17,"column":18},"end":{"line":21,"column":3}},"9":{"start":{"line":22,"column":22},"end":{"line":22,"column":47}},"10":{"start":{"line":23,"column":19},"end":{"line":27,"column":4}},"11":{"start":{"line":28,"column":23},"end":{"line":28,"column":44}},"12":{"start":{"line":29,"column":2},"end":{"line":29,"column":22}},"13":{"start":{"line":32,"column":29},"end":{"line":42,"column":1}},"14":{"start":{"line":33,"column":14},"end":{"line":33,"column":55}},"15":{"start":{"line":34,"column":18},"end":{"line":37,"column":3}},"16":{"start":{"line":38,"column":2},"end":{"line":41,"column":5}}},"fnMap":{"0":{"name":"(anonymous_0)","decl":{"start":{"line":1,"column":27},"end":{"line":1,"column":28}},"loc":{"start":{"line":1,"column":54},"end":{"line":13,"column":1}},"line":1},"1":{"name":"(anonymous_1)","decl":{"start":{"line":15,"column":27},"end":{"line":15,"column":28}},"loc":{"start":{"line":15,"column":63},"end":{"line":30,"column":1}},"line":15},"2":{"name":"(anonymous_2)","decl":{"start":{"line":32,"column":29},"end":{"line":32,"column":30}},"loc":{"start":{"line":32,"column":56},"end":{"line":42,"column":1}},"line":32}},"branchMap":{},"s":{"0":2,"1":10,"2":10,"3":10,"4":10,"5":10,"6":2,"7":4,"8":4,"9":4,"10":4,"11":4,"12":4,"13":2,"14":1,"15":1,"16":1},"f":{"0":10,"1":4,"2":1},"b":{},"_coverageSchema":"1a1c01bbd47fc00a2c39e90264f33305004495a9","hash":"fc5960bf95616235076955d60785167814f86081"}
,"/Users/Soren/Desktop/CSE118Assignments/Asgn9/Assignment9/src/Repo/Reset.js": {"path":"/Users/Soren/Desktop/CSE118Assignments/Asgn9/Assignment9/src/Repo/Reset.js","statementMap":{"0":{"start":{"line":1,"column":21},"end":{"line":11,"column":1}},"1":{"start":{"line":2,"column":14},"end":{"line":2,"column":47}},"2":{"start":{"line":3,"column":18},"end":{"line":6,"column":3}},"3":{"start":{"line":7,"column":2},"end":{"line":10,"column":5}}},"fnMap":{"0":{"name":"(anonymous_0)","decl":{"start":{"line":1,"column":21},"end":{"line":1,"column":22}},"loc":{"start":{"line":1,"column":42},"end":{"line":11,"column":1}},"line":1}},"branchMap":{},"s":{"0":2,"1":1,"2":1,"3":1},"f":{"0":1},"b":{},"_coverageSchema":"1a1c01bbd47fc00a2c39e90264f33305004495a9","hash":"d32d71d03cfb991776904dbe38968d293c0ce0a3"}
,"/Users/Soren/Desktop/CSE118Assignments/Asgn9/Assignment9/src/Repo/WorkspaceRepo.js": {"path":"/Users/Soren/Desktop/CSE118Assignments/Asgn9/Assignment9/src/Repo/WorkspaceRepo.js","statementMap":{"0":{"start":{"line":1,"column":29},"end":{"line":13,"column":1}},"1":{"start":{"line":2,"column":14},"end":{"line":2,"column":51}},"2":{"start":{"line":3,"column":18},"end":{"line":6,"column":3}},"3":{"start":{"line":7,"column":19},"end":{"line":10,"column":4}},"4":{"start":{"line":11,"column":23},"end":{"line":11,"column":44}},"5":{"start":{"line":12,"column":2},"end":{"line":12,"column":22}},"6":{"start":{"line":15,"column":31},"end":{"line":25,"column":1}},"7":{"start":{"line":16,"column":14},"end":{"line":16,"column":57}},"8":{"start":{"line":17,"column":18},"end":{"line":20,"column":3}},"9":{"start":{"line":21,"column":2},"end":{"line":24,"column":5}},"10":{"start":{"line":27,"column":29},"end":{"line":42,"column":1}},"11":{"start":{"line":28,"column":14},"end":{"line":28,"column":51}},"12":{"start":{"line":29,"column":18},"end":{"line":33,"column":3}},"13":{"start":{"line":34,"column":22},"end":{"line":34,"column":44}},"14":{"start":{"line":35,"column":19},"end":{"line":39,"column":4}},"15":{"start":{"line":40,"column":23},"end":{"line":40,"column":44}},"16":{"start":{"line":41,"column":2},"end":{"line":41,"column":22}}},"fnMap":{"0":{"name":"(anonymous_0)","decl":{"start":{"line":1,"column":29},"end":{"line":1,"column":30}},"loc":{"start":{"line":1,"column":50},"end":{"line":13,"column":1}},"line":1},"1":{"name":"(anonymous_1)","decl":{"start":{"line":15,"column":31},"end":{"line":15,"column":32}},"loc":{"start":{"line":15,"column":58},"end":{"line":25,"column":1}},"line":15},"2":{"name":"(anonymous_2)","decl":{"start":{"line":27,"column":29},"end":{"line":27,"column":30}},"loc":{"start":{"line":27,"column":58},"end":{"line":42,"column":1}},"line":27}},"branchMap":{},"s":{"0":2,"1":118,"2":118,"3":118,"4":118,"5":118,"6":2,"7":9,"8":9,"9":9,"10":2,"11":9,"12":9,"13":9,"14":9,"15":9,"16":9},"f":{"0":118,"1":9,"2":9},"b":{},"_coverageSchema":"1a1c01bbd47fc00a2c39e90264f33305004495a9","hash":"b7fafe06fe2dd4d8fcca2768305121c82e837a7e"}
,"/Users/Soren/Desktop/CSE118Assignments/Asgn9/Assignment9/src/UI/AddChannel.js": {"path":"/Users/Soren/Desktop/CSE118Assignments/Asgn9/Assignment9/src/UI/AddChannel.js","statementMap":{"0":{"start":{"line":7,"column":19},"end":{"line":53,"column":1}},"1":{"start":{"line":9,"column":4},"end":{"line":9,"column":39}},"2":{"start":{"line":10,"column":26},"end":{"line":10,"column":38}},"3":{"start":{"line":12,"column":23},"end":{"line":14,"column":3}},"4":{"start":{"line":13,"column":4},"end":{"line":13,"column":24}},"5":{"start":{"line":16,"column":19},"end":{"line":27,"column":3}},"6":{"start":{"line":17,"column":4},"end":{"line":25,"column":22}},"7":{"start":{"line":18,"column":21},"end":{"line":22,"column":7}},"8":{"start":{"line":23,"column":26},"end":{"line":23,"column":49}},"9":{"start":{"line":24,"column":6},"end":{"line":24,"column":31}},"10":{"start":{"line":26,"column":4},"end":{"line":26,"column":24}},"11":{"start":{"line":29,"column":2},"end":{"line":52,"column":4}}},"fnMap":{"0":{"name":"(anonymous_0)","decl":{"start":{"line":7,"column":19},"end":{"line":7,"column":20}},"loc":{"start":{"line":7,"column":37},"end":{"line":53,"column":1}},"line":7},"1":{"name":"(anonymous_1)","decl":{"start":{"line":12,"column":23},"end":{"line":12,"column":24}},"loc":{"start":{"line":12,"column":29},"end":{"line":14,"column":3}},"line":12},"2":{"name":"(anonymous_2)","decl":{"start":{"line":16,"column":19},"end":{"line":16,"column":20}},"loc":{"start":{"line":16,"column":31},"end":{"line":27,"column":3}},"line":16}},"branchMap":{"0":{"loc":{"start":{"line":47,"column":20},"end":{"line":47,"column":55}},"type":"binary-expr","locations":[{"start":{"line":47,"column":20},"end":{"line":47,"column":35}},{"start":{"line":47,"column":39},"end":{"line":47,"column":55}}],"line":47}},"s":{"0":2,"1":17,"2":17,"3":17,"4":1,"5":17,"6":3,"7":3,"8":3,"9":3,"10":3,"11":17},"f":{"0":17,"1":1,"2":3},"b":{"0":[17,9]},"_coverageSchema":"1a1c01bbd47fc00a2c39e90264f33305004495a9","hash":"e944dc192044e176fc9b0020d24e619799027e9e"}
,"/Users/Soren/Desktop/CSE118Assignments/Asgn9/Assignment9/src/UI/AddMembers.js": {"path":"/Users/Soren/Desktop/CSE118Assignments/Asgn9/Assignment9/src/UI/AddMembers.js","statementMap":{"0":{"start":{"line":7,"column":19},"end":{"line":21,"column":1}},"1":{"start":{"line":8,"column":20},"end":{"line":8,"column":55}},"2":{"start":{"line":10,"column":2},"end":{"line":20,"column":4}},"3":{"start":{"line":16,"column":30},"end":{"line":16,"column":37}},"4":{"start":{"line":17,"column":32},"end":{"line":17,"column":64}}},"fnMap":{"0":{"name":"(anonymous_0)","decl":{"start":{"line":7,"column":19},"end":{"line":7,"column":20}},"loc":{"start":{"line":7,"column":25},"end":{"line":21,"column":1}},"line":7},"1":{"name":"(anonymous_1)","decl":{"start":{"line":16,"column":22},"end":{"line":16,"column":23}},"loc":{"start":{"line":16,"column":30},"end":{"line":16,"column":37}},"line":16},"2":{"name":"(anonymous_2)","decl":{"start":{"line":17,"column":20},"end":{"line":17,"column":21}},"loc":{"start":{"line":17,"column":32},"end":{"line":17,"column":64}},"line":17}},"branchMap":{},"s":{"0":2,"1":50,"2":50,"3":14,"4":14},"f":{"0":50,"1":14,"2":14},"b":{},"_coverageSchema":"1a1c01bbd47fc00a2c39e90264f33305004495a9","hash":"a10b12d9525bf063f84f6972968169ce75f3d89f"}
,"/Users/Soren/Desktop/CSE118Assignments/Asgn9/Assignment9/src/UI/AddMessage.js": {"path":"/Users/Soren/Desktop/CSE118Assignments/Asgn9/Assignment9/src/UI/AddMessage.js","statementMap":{"0":{"start":{"line":14,"column":19},"end":{"line":68,"column":1}},"1":{"start":{"line":16,"column":4},"end":{"line":16,"column":39}},"2":{"start":{"line":17,"column":32},"end":{"line":17,"column":44}},"3":{"start":{"line":19,"column":23},"end":{"line":21,"column":3}},"4":{"start":{"line":20,"column":4},"end":{"line":20,"column":24}},"5":{"start":{"line":23,"column":19},"end":{"line":42,"column":3}},"6":{"start":{"line":24,"column":4},"end":{"line":40,"column":22}},"7":{"start":{"line":25,"column":23},"end":{"line":29,"column":7}},"8":{"start":{"line":30,"column":22},"end":{"line":33,"column":7}},"9":{"start":{"line":34,"column":33},"end":{"line":37,"column":7}},"10":{"start":{"line":38,"column":26},"end":{"line":38,"column":59}},"11":{"start":{"line":39,"column":6},"end":{"line":39,"column":31}},"12":{"start":{"line":41,"column":4},"end":{"line":41,"column":24}},"13":{"start":{"line":44,"column":2},"end":{"line":67,"column":4}}},"fnMap":{"0":{"name":"(anonymous_0)","decl":{"start":{"line":14,"column":19},"end":{"line":14,"column":20}},"loc":{"start":{"line":14,"column":37},"end":{"line":68,"column":1}},"line":14},"1":{"name":"(anonymous_1)","decl":{"start":{"line":19,"column":23},"end":{"line":19,"column":24}},"loc":{"start":{"line":19,"column":29},"end":{"line":21,"column":3}},"line":19},"2":{"name":"(anonymous_2)","decl":{"start":{"line":23,"column":19},"end":{"line":23,"column":20}},"loc":{"start":{"line":23,"column":31},"end":{"line":42,"column":3}},"line":23}},"branchMap":{"0":{"loc":{"start":{"line":62,"column":20},"end":{"line":62,"column":62}},"type":"binary-expr","locations":[{"start":{"line":62,"column":20},"end":{"line":62,"column":38}},{"start":{"line":62,"column":42},"end":{"line":62,"column":62}}],"line":62}},"s":{"0":2,"1":31,"2":31,"3":31,"4":1,"5":31,"6":4,"7":4,"8":4,"9":4,"10":4,"11":4,"12":4,"13":31},"f":{"0":31,"1":1,"2":4},"b":{"0":[31,23]},"_coverageSchema":"1a1c01bbd47fc00a2c39e90264f33305004495a9","hash":"922055b37c124975cdaeaaf4a3a4336e4474be50"}
,"/Users/Soren/Desktop/CSE118Assignments/Asgn9/Assignment9/src/UI/AddWorkspace.js": {"path":"/Users/Soren/Desktop/CSE118Assignments/Asgn9/Assignment9/src/UI/AddWorkspace.js","statementMap":{"0":{"start":{"line":7,"column":21},"end":{"line":49,"column":1}},"1":{"start":{"line":9,"column":4},"end":{"line":9,"column":39}},"2":{"start":{"line":10,"column":26},"end":{"line":10,"column":38}},"3":{"start":{"line":12,"column":23},"end":{"line":14,"column":3}},"4":{"start":{"line":13,"column":4},"end":{"line":13,"column":24}},"5":{"start":{"line":16,"column":19},"end":{"line":23,"column":3}},"6":{"start":{"line":17,"column":4},"end":{"line":21,"column":22}},"7":{"start":{"line":18,"column":21},"end":{"line":18,"column":74}},"8":{"start":{"line":19,"column":28},"end":{"line":19,"column":53}},"9":{"start":{"line":20,"column":6},"end":{"line":20,"column":35}},"10":{"start":{"line":22,"column":4},"end":{"line":22,"column":24}},"11":{"start":{"line":25,"column":2},"end":{"line":48,"column":4}}},"fnMap":{"0":{"name":"(anonymous_0)","decl":{"start":{"line":7,"column":21},"end":{"line":7,"column":22}},"loc":{"start":{"line":7,"column":39},"end":{"line":49,"column":1}},"line":7},"1":{"name":"(anonymous_1)","decl":{"start":{"line":12,"column":23},"end":{"line":12,"column":24}},"loc":{"start":{"line":12,"column":29},"end":{"line":14,"column":3}},"line":12},"2":{"name":"(anonymous_2)","decl":{"start":{"line":16,"column":19},"end":{"line":16,"column":20}},"loc":{"start":{"line":16,"column":31},"end":{"line":23,"column":3}},"line":16}},"branchMap":{"0":{"loc":{"start":{"line":43,"column":20},"end":{"line":43,"column":55}},"type":"binary-expr","locations":[{"start":{"line":43,"column":20},"end":{"line":43,"column":35}},{"start":{"line":43,"column":39},"end":{"line":43,"column":55}}],"line":43}},"s":{"0":2,"1":44,"2":44,"3":44,"4":1,"5":44,"6":9,"7":9,"8":9,"9":9,"10":9,"11":44},"f":{"0":44,"1":1,"2":9},"b":{"0":[44,30]},"_coverageSchema":"1a1c01bbd47fc00a2c39e90264f33305004495a9","hash":"c749a2cca4ec8b5a32428a856846118b8d12d5fd"}
,"/Users/Soren/Desktop/CSE118Assignments/Asgn9/Assignment9/src/UI/ChannelCard.js": {"path":"/Users/Soren/Desktop/CSE118Assignments/Asgn9/Assignment9/src/UI/ChannelCard.js","statementMap":{"0":{"start":{"line":10,"column":20},"end":{"line":67,"column":1}},"1":{"start":{"line":19,"column":6},"end":{"line":19,"column":41}},"2":{"start":{"line":21,"column":22},"end":{"line":28,"column":3}},"3":{"start":{"line":23,"column":4},"end":{"line":25,"column":5}},"4":{"start":{"line":24,"column":6},"end":{"line":24,"column":22}},"5":{"start":{"line":26,"column":4},"end":{"line":26,"column":28}},"6":{"start":{"line":27,"column":4},"end":{"line":27,"column":63}},"7":{"start":{"line":30,"column":23},"end":{"line":35,"column":3}},"8":{"start":{"line":31,"column":4},"end":{"line":33,"column":11}},"9":{"start":{"line":32,"column":6},"end":{"line":32,"column":68}},"10":{"start":{"line":32,"column":41},"end":{"line":32,"column":65}},"11":{"start":{"line":34,"column":4},"end":{"line":34,"column":62}},"12":{"start":{"line":37,"column":29},"end":{"line":50,"column":3}},"13":{"start":{"line":38,"column":4},"end":{"line":49,"column":6}},"14":{"start":{"line":51,"column":2},"end":{"line":66,"column":4}}},"fnMap":{"0":{"name":"(anonymous_0)","decl":{"start":{"line":10,"column":20},"end":{"line":10,"column":21}},"loc":{"start":{"line":10,"column":51},"end":{"line":67,"column":1}},"line":10},"1":{"name":"(anonymous_1)","decl":{"start":{"line":21,"column":22},"end":{"line":21,"column":23}},"loc":{"start":{"line":21,"column":28},"end":{"line":28,"column":3}},"line":21},"2":{"name":"(anonymous_2)","decl":{"start":{"line":30,"column":23},"end":{"line":30,"column":24}},"loc":{"start":{"line":30,"column":29},"end":{"line":35,"column":3}},"line":30},"3":{"name":"(anonymous_3)","decl":{"start":{"line":31,"column":15},"end":{"line":31,"column":16}},"loc":{"start":{"line":31,"column":21},"end":{"line":33,"column":5}},"line":31},"4":{"name":"(anonymous_4)","decl":{"start":{"line":32,"column":35},"end":{"line":32,"column":36}},"loc":{"start":{"line":32,"column":41},"end":{"line":32,"column":65}},"line":32},"5":{"name":"(anonymous_5)","decl":{"start":{"line":37,"column":29},"end":{"line":37,"column":30}},"loc":{"start":{"line":37,"column":35},"end":{"line":50,"column":3}},"line":37}},"branchMap":{"0":{"loc":{"start":{"line":23,"column":4},"end":{"line":25,"column":5}},"type":"if","locations":[{"start":{"line":23,"column":4},"end":{"line":25,"column":5}},{"start":{},"end":{}}],"line":23},"1":{"loc":{"start":{"line":52,"column":35},"end":{"line":52,"column":72}},"type":"cond-expr","locations":[{"start":{"line":52,"column":47},"end":{"line":52,"column":65}},{"start":{"line":52,"column":68},"end":{"line":52,"column":72}}],"line":52},"2":{"loc":{"start":{"line":60,"column":15},"end":{"line":60,"column":69}},"type":"cond-expr","locations":[{"start":{"line":60,"column":44},"end":{"line":60,"column":46}},{"start":{"line":60,"column":49},"end":{"line":60,"column":69}}],"line":60}},"s":{"0":2,"1":261,"2":261,"3":10,"4":9,"5":10,"6":10,"7":261,"8":1,"9":1,"10":1,"11":1,"12":261,"13":219,"14":261},"f":{"0":261,"1":10,"2":1,"3":1,"4":1,"5":219},"b":{"0":[9,1],"1":[219,42],"2":[143,118]},"_coverageSchema":"1a1c01bbd47fc00a2c39e90264f33305004495a9","hash":"7f142071b3ddf7aaadea94ac8f16718273fe4512"}
,"/Users/Soren/Desktop/CSE118Assignments/Asgn9/Assignment9/src/UI/ChannelList.js": {"path":"/Users/Soren/Desktop/CSE118Assignments/Asgn9/Assignment9/src/UI/ChannelList.js","statementMap":{"0":{"start":{"line":7,"column":20},"end":{"line":23,"column":1}},"1":{"start":{"line":8,"column":21},"end":{"line":8,"column":56}},"2":{"start":{"line":10,"column":2},"end":{"line":22,"column":4}},"3":{"start":{"line":16,"column":30},"end":{"line":16,"column":37}},"4":{"start":{"line":18,"column":10},"end":{"line":18,"column":68}}},"fnMap":{"0":{"name":"(anonymous_0)","decl":{"start":{"line":7,"column":20},"end":{"line":7,"column":21}},"loc":{"start":{"line":7,"column":38},"end":{"line":23,"column":1}},"line":7},"1":{"name":"(anonymous_1)","decl":{"start":{"line":16,"column":22},"end":{"line":16,"column":23}},"loc":{"start":{"line":16,"column":30},"end":{"line":16,"column":37}},"line":16},"2":{"name":"(anonymous_2)","decl":{"start":{"line":17,"column":20},"end":{"line":17,"column":21}},"loc":{"start":{"line":18,"column":10},"end":{"line":18,"column":68}},"line":18}},"branchMap":{},"s":{"0":2,"1":207,"2":207,"3":261,"4":261},"f":{"0":207,"1":261,"2":261},"b":{},"_coverageSchema":"1a1c01bbd47fc00a2c39e90264f33305004495a9","hash":"fcb07b7a805cde10582b4e898fcda1546f852840"}
,"/Users/Soren/Desktop/CSE118Assignments/Asgn9/Assignment9/src/UI/Login.js": {"path":"/Users/Soren/Desktop/CSE118Assignments/Asgn9/Assignment9/src/UI/Login.js","statementMap":{"0":{"start":{"line":8,"column":14},"end":{"line":46,"column":1}},"1":{"start":{"line":9,"column":28},"end":{"line":9,"column":40}},"2":{"start":{"line":10,"column":34},"end":{"line":10,"column":46}},"3":{"start":{"line":12,"column":32},"end":{"line":12,"column":61}},"4":{"start":{"line":14,"column":23},"end":{"line":16,"column":3}},"5":{"start":{"line":15,"column":4},"end":{"line":15,"column":63}},"6":{"start":{"line":18,"column":2},"end":{"line":45,"column":4}}},"fnMap":{"0":{"name":"(anonymous_0)","decl":{"start":{"line":8,"column":14},"end":{"line":8,"column":15}},"loc":{"start":{"line":8,"column":20},"end":{"line":46,"column":1}},"line":8},"1":{"name":"(anonymous_1)","decl":{"start":{"line":14,"column":23},"end":{"line":14,"column":24}},"loc":{"start":{"line":14,"column":35},"end":{"line":16,"column":3}},"line":14}},"branchMap":{},"s":{"0":2,"1":122,"2":122,"3":122,"4":122,"5":28,"6":122},"f":{"0":122,"1":28},"b":{},"_coverageSchema":"1a1c01bbd47fc00a2c39e90264f33305004495a9","hash":"efbac3efc98ed74f880a751ed6babb46c594242d"}
,"/Users/Soren/Desktop/CSE118Assignments/Asgn9/Assignment9/src/UI/MemberCard.js": {"path":"/Users/Soren/Desktop/CSE118Assignments/Asgn9/Assignment9/src/UI/MemberCard.js","statementMap":{"0":{"start":{"line":9,"column":19},"end":{"line":55,"column":1}},"1":{"start":{"line":11,"column":4},"end":{"line":11,"column":39}},"2":{"start":{"line":13,"column":23},"end":{"line":29,"column":3}},"3":{"start":{"line":14,"column":4},"end":{"line":16,"column":11}},"4":{"start":{"line":15,"column":6},"end":{"line":15,"column":63}},"5":{"start":{"line":15,"column":38},"end":{"line":15,"column":60}},"6":{"start":{"line":17,"column":4},"end":{"line":28,"column":22}},"7":{"start":{"line":18,"column":6},"end":{"line":22,"column":8}},"8":{"start":{"line":23,"column":16},"end":{"line":26,"column":7}},"9":{"start":{"line":27,"column":6},"end":{"line":27,"column":20}},"10":{"start":{"line":31,"column":29},"end":{"line":44,"column":3}},"11":{"start":{"line":32,"column":4},"end":{"line":43,"column":6}},"12":{"start":{"line":46,"column":2},"end":{"line":54,"column":4}}},"fnMap":{"0":{"name":"(anonymous_0)","decl":{"start":{"line":9,"column":19},"end":{"line":9,"column":20}},"loc":{"start":{"line":9,"column":37},"end":{"line":55,"column":1}},"line":9},"1":{"name":"(anonymous_1)","decl":{"start":{"line":13,"column":23},"end":{"line":13,"column":24}},"loc":{"start":{"line":13,"column":35},"end":{"line":29,"column":3}},"line":13},"2":{"name":"(anonymous_2)","decl":{"start":{"line":14,"column":15},"end":{"line":14,"column":16}},"loc":{"start":{"line":14,"column":21},"end":{"line":16,"column":5}},"line":14},"3":{"name":"(anonymous_3)","decl":{"start":{"line":15,"column":33},"end":{"line":15,"column":34}},"loc":{"start":{"line":15,"column":38},"end":{"line":15,"column":60}},"line":15},"4":{"name":"(anonymous_4)","decl":{"start":{"line":31,"column":29},"end":{"line":31,"column":30}},"loc":{"start":{"line":31,"column":35},"end":{"line":44,"column":3}},"line":31}},"branchMap":{},"s":{"0":2,"1":14,"2":14,"3":1,"4":1,"5":1,"6":1,"7":1,"8":1,"9":1,"10":14,"11":14,"12":14},"f":{"0":14,"1":1,"2":1,"3":1,"4":14},"b":{},"_coverageSchema":"1a1c01bbd47fc00a2c39e90264f33305004495a9","hash":"10a95a6a8b0ac4d326f50a7f16749e9e40f480bc"}
,"/Users/Soren/Desktop/CSE118Assignments/Asgn9/Assignment9/src/UI/Message.js": {"path":"/Users/Soren/Desktop/CSE118Assignments/Asgn9/Assignment9/src/UI/Message.js","statementMap":{"0":{"start":{"line":5,"column":16},"end":{"line":14,"column":1}},"1":{"start":{"line":6,"column":32},"end":{"line":6,"column":44}},"2":{"start":{"line":8,"column":2},"end":{"line":13,"column":4}}},"fnMap":{"0":{"name":"(anonymous_0)","decl":{"start":{"line":5,"column":16},"end":{"line":5,"column":17}},"loc":{"start":{"line":5,"column":29},"end":{"line":14,"column":1}},"line":5}},"branchMap":{},"s":{"0":2,"1":1,"2":1},"f":{"0":1},"b":{},"_coverageSchema":"1a1c01bbd47fc00a2c39e90264f33305004495a9","hash":"1da9efe2d1994eb12beb1d5a04362efe1625f83a"}
,"/Users/Soren/Desktop/CSE118Assignments/Asgn9/Assignment9/src/UI/MessageCard.js": {"path":"/Users/Soren/Desktop/CSE118Assignments/Asgn9/Assignment9/src/UI/MessageCard.js","statementMap":{"0":{"start":{"line":19,"column":20},"end":{"line":90,"column":1}},"1":{"start":{"line":21,"column":4},"end":{"line":21,"column":39}},"2":{"start":{"line":23,"column":21},"end":{"line":44,"column":3}},"3":{"start":{"line":24,"column":20},"end":{"line":30,"column":5}},"4":{"start":{"line":31,"column":26},"end":{"line":34,"column":5}},"5":{"start":{"line":35,"column":23},"end":{"line":38,"column":5}},"6":{"start":{"line":40,"column":6},"end":{"line":42,"column":41}},"7":{"start":{"line":43,"column":4},"end":{"line":43,"column":33}},"8":{"start":{"line":46,"column":22},"end":{"line":52,"column":3}},"9":{"start":{"line":47,"column":4},"end":{"line":51,"column":7}},"10":{"start":{"line":54,"column":23},"end":{"line":59,"column":3}},"11":{"start":{"line":55,"column":4},"end":{"line":57,"column":11}},"12":{"start":{"line":56,"column":6},"end":{"line":56,"column":67}},"13":{"start":{"line":56,"column":42},"end":{"line":56,"column":64}},"14":{"start":{"line":58,"column":4},"end":{"line":58,"column":59}},"15":{"start":{"line":61,"column":29},"end":{"line":74,"column":3}},"16":{"start":{"line":62,"column":4},"end":{"line":73,"column":6}},"17":{"start":{"line":75,"column":30},"end":{"line":75,"column":79}},"18":{"start":{"line":76,"column":2},"end":{"line":89,"column":4}}},"fnMap":{"0":{"name":"(anonymous_0)","decl":{"start":{"line":19,"column":20},"end":{"line":19,"column":21}},"loc":{"start":{"line":19,"column":47},"end":{"line":90,"column":1}},"line":19},"1":{"name":"(anonymous_1)","decl":{"start":{"line":23,"column":21},"end":{"line":23,"column":22}},"loc":{"start":{"line":23,"column":35},"end":{"line":44,"column":3}},"line":23},"2":{"name":"(anonymous_2)","decl":{"start":{"line":46,"column":22},"end":{"line":46,"column":23}},"loc":{"start":{"line":46,"column":28},"end":{"line":52,"column":3}},"line":46},"3":{"name":"(anonymous_3)","decl":{"start":{"line":54,"column":23},"end":{"line":54,"column":24}},"loc":{"start":{"line":54,"column":29},"end":{"line":59,"column":3}},"line":54},"4":{"name":"(anonymous_4)","decl":{"start":{"line":55,"column":15},"end":{"line":55,"column":16}},"loc":{"start":{"line":55,"column":21},"end":{"line":57,"column":5}},"line":55},"5":{"name":"(anonymous_5)","decl":{"start":{"line":56,"column":35},"end":{"line":56,"column":36}},"loc":{"start":{"line":56,"column":42},"end":{"line":56,"column":64}},"line":56},"6":{"name":"(anonymous_6)","decl":{"start":{"line":61,"column":29},"end":{"line":61,"column":30}},"loc":{"start":{"line":61,"column":35},"end":{"line":74,"column":3}},"line":61}},"branchMap":{"0":{"loc":{"start":{"line":75,"column":30},"end":{"line":75,"column":79}},"type":"binary-expr","locations":[{"start":{"line":75,"column":30},"end":{"line":75,"column":39}},{"start":{"line":75,"column":43},"end":{"line":75,"column":79}}],"line":75},"1":{"loc":{"start":{"line":78,"column":26},"end":{"line":78,"column":73}},"type":"cond-expr","locations":[{"start":{"line":78,"column":48},"end":{"line":78,"column":66}},{"start":{"line":78,"column":69},"end":{"line":78,"column":73}}],"line":78}},"s":{"0":2,"1":32,"2":32,"3":33,"4":33,"5":33,"6":33,"7":33,"8":32,"9":1,"10":32,"11":1,"12":1,"13":1,"14":1,"15":32,"16":29,"17":32,"18":32},"f":{"0":32,"1":33,"2":1,"3":1,"4":1,"5":1,"6":29},"b":{"0":[32,8],"1":[29,3]},"_coverageSchema":"1a1c01bbd47fc00a2c39e90264f33305004495a9","hash":"b6941e77916640405282f18630b810ed9f45592b"}
,"/Users/Soren/Desktop/CSE118Assignments/Asgn9/Assignment9/src/UI/MessageList.js": {"path":"/Users/Soren/Desktop/CSE118Assignments/Asgn9/Assignment9/src/UI/MessageList.js","statementMap":{"0":{"start":{"line":7,"column":20},"end":{"line":23,"column":1}},"1":{"start":{"line":8,"column":21},"end":{"line":8,"column":56}},"2":{"start":{"line":10,"column":2},"end":{"line":22,"column":4}},"3":{"start":{"line":16,"column":30},"end":{"line":16,"column":37}},"4":{"start":{"line":18,"column":10},"end":{"line":18,"column":64}}},"fnMap":{"0":{"name":"(anonymous_0)","decl":{"start":{"line":7,"column":20},"end":{"line":7,"column":21}},"loc":{"start":{"line":7,"column":38},"end":{"line":23,"column":1}},"line":7},"1":{"name":"(anonymous_1)","decl":{"start":{"line":16,"column":22},"end":{"line":16,"column":23}},"loc":{"start":{"line":16,"column":30},"end":{"line":16,"column":37}},"line":16},"2":{"name":"(anonymous_2)","decl":{"start":{"line":17,"column":20},"end":{"line":17,"column":21}},"loc":{"start":{"line":18,"column":10},"end":{"line":18,"column":64}},"line":18}},"branchMap":{},"s":{"0":2,"1":66,"2":66,"3":32,"4":32},"f":{"0":66,"1":32,"2":32},"b":{},"_coverageSchema":"1a1c01bbd47fc00a2c39e90264f33305004495a9","hash":"70f2c02c8fbde475c16a13b1304ea430ff9cb82d"}
,"/Users/Soren/Desktop/CSE118Assignments/Asgn9/Assignment9/src/UI/SelectMemberCard.js": {"path":"/Users/Soren/Desktop/CSE118Assignments/Asgn9/Assignment9/src/UI/SelectMemberCard.js","statementMap":{"0":{"start":{"line":9,"column":25},"end":{"line":53,"column":1}},"1":{"start":{"line":11,"column":4},"end":{"line":11,"column":39}},"2":{"start":{"line":13,"column":20},"end":{"line":27,"column":3}},"3":{"start":{"line":14,"column":4},"end":{"line":25,"column":22}},"4":{"start":{"line":15,"column":6},"end":{"line":19,"column":8}},"5":{"start":{"line":20,"column":16},"end":{"line":23,"column":7}},"6":{"start":{"line":24,"column":6},"end":{"line":24,"column":20}},"7":{"start":{"line":26,"column":4},"end":{"line":26,"column":24}},"8":{"start":{"line":29,"column":29},"end":{"line":42,"column":3}},"9":{"start":{"line":30,"column":4},"end":{"line":41,"column":6}},"10":{"start":{"line":44,"column":2},"end":{"line":52,"column":4}}},"fnMap":{"0":{"name":"(anonymous_0)","decl":{"start":{"line":9,"column":25},"end":{"line":9,"column":26}},"loc":{"start":{"line":9,"column":55},"end":{"line":53,"column":1}},"line":9},"1":{"name":"(anonymous_1)","decl":{"start":{"line":13,"column":20},"end":{"line":13,"column":21}},"loc":{"start":{"line":13,"column":32},"end":{"line":27,"column":3}},"line":13},"2":{"name":"(anonymous_2)","decl":{"start":{"line":29,"column":29},"end":{"line":29,"column":30}},"loc":{"start":{"line":29,"column":35},"end":{"line":42,"column":3}},"line":29}},"branchMap":{},"s":{"0":2,"1":2376,"2":2376,"3":6,"4":6,"5":6,"6":6,"7":6,"8":2376,"9":2376,"10":2376},"f":{"0":2376,"1":6,"2":2376},"b":{},"_coverageSchema":"1a1c01bbd47fc00a2c39e90264f33305004495a9","hash":"d7c7eda655fd2602bcd56e2a39aefb4edda233f5"}
,"/Users/Soren/Desktop/CSE118Assignments/Asgn9/Assignment9/src/UI/SelectMembers.js": {"path":"/Users/Soren/Desktop/CSE118Assignments/Asgn9/Assignment9/src/UI/SelectMembers.js","statementMap":{"0":{"start":{"line":7,"column":19},"end":{"line":22,"column":1}},"1":{"start":{"line":8,"column":23},"end":{"line":8,"column":58}},"2":{"start":{"line":9,"column":2},"end":{"line":21,"column":4}},"3":{"start":{"line":15,"column":30},"end":{"line":15,"column":37}},"4":{"start":{"line":17,"column":10},"end":{"line":17,"column":72}}},"fnMap":{"0":{"name":"(anonymous_0)","decl":{"start":{"line":7,"column":19},"end":{"line":7,"column":20}},"loc":{"start":{"line":7,"column":37},"end":{"line":22,"column":1}},"line":7},"1":{"name":"(anonymous_1)","decl":{"start":{"line":15,"column":22},"end":{"line":15,"column":23}},"loc":{"start":{"line":15,"column":30},"end":{"line":15,"column":37}},"line":15},"2":{"name":"(anonymous_2)","decl":{"start":{"line":16,"column":20},"end":{"line":16,"column":21}},"loc":{"start":{"line":17,"column":10},"end":{"line":17,"column":72}},"line":17}},"branchMap":{},"s":{"0":2,"1":27,"2":27,"3":3482,"4":2376},"f":{"0":27,"1":3482,"2":2376},"b":{},"_coverageSchema":"1a1c01bbd47fc00a2c39e90264f33305004495a9","hash":"c3b96f17e541e5e3333d71a7b9ca4bfcbafb4d2d"}
,"/Users/Soren/Desktop/CSE118Assignments/Asgn9/Assignment9/src/UI/WorkspaceCard.js": {"path":"/Users/Soren/Desktop/CSE118Assignments/Asgn9/Assignment9/src/UI/WorkspaceCard.js","statementMap":{"0":{"start":{"line":9,"column":22},"end":{"line":95,"column":1}},"1":{"start":{"line":18,"column":6},"end":{"line":18,"column":41}},"2":{"start":{"line":20,"column":22},"end":{"line":32,"column":3}},"3":{"start":{"line":21,"column":4},"end":{"line":25,"column":5}},"4":{"start":{"line":22,"column":6},"end":{"line":22,"column":25}},"5":{"start":{"line":24,"column":6},"end":{"line":24,"column":26}},"6":{"start":{"line":27,"column":4},"end":{"line":29,"column":5}},"7":{"start":{"line":28,"column":6},"end":{"line":28,"column":22}},"8":{"start":{"line":30,"column":4},"end":{"line":30,"column":32}},"9":{"start":{"line":31,"column":4},"end":{"line":31,"column":65}},"10":{"start":{"line":34,"column":23},"end":{"line":39,"column":3}},"11":{"start":{"line":35,"column":4},"end":{"line":37,"column":11}},"12":{"start":{"line":36,"column":6},"end":{"line":36,"column":72}},"13":{"start":{"line":36,"column":44},"end":{"line":36,"column":69}},"14":{"start":{"line":38,"column":4},"end":{"line":38,"column":66}},"15":{"start":{"line":41,"column":29},"end":{"line":54,"column":3}},"16":{"start":{"line":42,"column":4},"end":{"line":53,"column":6}},"17":{"start":{"line":56,"column":2},"end":{"line":94,"column":3}},"18":{"start":{"line":61,"column":4},"end":{"line":77,"column":6}},"19":{"start":{"line":79,"column":4},"end":{"line":93,"column":6}}},"fnMap":{"0":{"name":"(anonymous_0)","decl":{"start":{"line":9,"column":22},"end":{"line":9,"column":23}},"loc":{"start":{"line":9,"column":55},"end":{"line":95,"column":1}},"line":9},"1":{"name":"(anonymous_1)","decl":{"start":{"line":20,"column":22},"end":{"line":20,"column":23}},"loc":{"start":{"line":20,"column":28},"end":{"line":32,"column":3}},"line":20},"2":{"name":"(anonymous_2)","decl":{"start":{"line":34,"column":23},"end":{"line":34,"column":24}},"loc":{"start":{"line":34,"column":29},"end":{"line":39,"column":3}},"line":34},"3":{"name":"(anonymous_3)","decl":{"start":{"line":35,"column":15},"end":{"line":35,"column":16}},"loc":{"start":{"line":35,"column":21},"end":{"line":37,"column":5}},"line":35},"4":{"name":"(anonymous_4)","decl":{"start":{"line":36,"column":39},"end":{"line":36,"column":40}},"loc":{"start":{"line":36,"column":44},"end":{"line":36,"column":69}},"line":36},"5":{"name":"(anonymous_5)","decl":{"start":{"line":41,"column":29},"end":{"line":41,"column":30}},"loc":{"start":{"line":41,"column":35},"end":{"line":54,"column":3}},"line":41}},"branchMap":{"0":{"loc":{"start":{"line":21,"column":4},"end":{"line":25,"column":5}},"type":"if","locations":[{"start":{"line":21,"column":4},"end":{"line":25,"column":5}},{"start":{"line":23,"column":11},"end":{"line":25,"column":5}}],"line":21},"1":{"loc":{"start":{"line":27,"column":4},"end":{"line":29,"column":5}},"type":"if","locations":[{"start":{"line":27,"column":4},"end":{"line":29,"column":5}},{"start":{},"end":{}}],"line":27},"2":{"loc":{"start":{"line":27,"column":8},"end":{"line":27,"column":70}},"type":"binary-expr","locations":[{"start":{"line":27,"column":8},"end":{"line":27,"column":17}},{"start":{"line":27,"column":21},"end":{"line":27,"column":33}},{"start":{"line":27,"column":37},"end":{"line":27,"column":70}}],"line":27},"3":{"loc":{"start":{"line":56,"column":2},"end":{"line":94,"column":3}},"type":"if","locations":[{"start":{"line":56,"column":2},"end":{"line":94,"column":3}},{"start":{"line":78,"column":9},"end":{"line":94,"column":3}}],"line":56},"4":{"loc":{"start":{"line":57,"column":4},"end":{"line":59,"column":44}},"type":"binary-expr","locations":[{"start":{"line":57,"column":4},"end":{"line":57,"column":17}},{"start":{"line":58,"column":4},"end":{"line":58,"column":17}},{"start":{"line":59,"column":4},"end":{"line":59,"column":44}}],"line":57},"5":{"loc":{"start":{"line":71,"column":17},"end":{"line":71,"column":75}},"type":"cond-expr","locations":[{"start":{"line":71,"column":48},"end":{"line":71,"column":50}},{"start":{"line":71,"column":53},"end":{"line":71,"column":75}}],"line":71},"6":{"loc":{"start":{"line":88,"column":15},"end":{"line":88,"column":73}},"type":"cond-expr","locations":[{"start":{"line":88,"column":46},"end":{"line":88,"column":48}},{"start":{"line":88,"column":51},"end":{"line":88,"column":73}}],"line":88}},"s":{"0":2,"1":1155,"2":1155,"3":18,"4":14,"5":4,"6":18,"7":1,"8":18,"9":18,"10":1155,"11":9,"12":9,"13":36,"14":9,"15":1155,"16":395,"17":1155,"18":395,"19":760},"f":{"0":1155,"1":18,"2":9,"3":9,"4":36,"5":395},"b":{"0":[14,4],"1":[1,17],"2":[18,1,1],"3":[395,760],"4":[1155,1155,1155],"5":[88,307],"6":[79,681]},"_coverageSchema":"1a1c01bbd47fc00a2c39e90264f33305004495a9","hash":"acd47cefb4cf95688e5bac91d3309e4469e1a9a4"}
,"/Users/Soren/Desktop/CSE118Assignments/Asgn9/Assignment9/src/UI/WorkspaceList.js": {"path":"/Users/Soren/Desktop/CSE118Assignments/Asgn9/Assignment9/src/UI/WorkspaceList.js","statementMap":{"0":{"start":{"line":7,"column":22},"end":{"line":22,"column":1}},"1":{"start":{"line":8,"column":23},"end":{"line":8,"column":58}},"2":{"start":{"line":9,"column":2},"end":{"line":21,"column":4}},"3":{"start":{"line":15,"column":30},"end":{"line":15,"column":37}},"4":{"start":{"line":17,"column":10},"end":{"line":17,"column":72}}},"fnMap":{"0":{"name":"(anonymous_0)","decl":{"start":{"line":7,"column":22},"end":{"line":7,"column":23}},"loc":{"start":{"line":7,"column":40},"end":{"line":22,"column":1}},"line":7},"1":{"name":"(anonymous_1)","decl":{"start":{"line":15,"column":22},"end":{"line":15,"column":23}},"loc":{"start":{"line":15,"column":30},"end":{"line":15,"column":37}},"line":15},"2":{"name":"(anonymous_2)","decl":{"start":{"line":16,"column":20},"end":{"line":16,"column":21}},"loc":{"start":{"line":17,"column":10},"end":{"line":17,"column":72}},"line":17}},"branchMap":{},"s":{"0":2,"1":335,"2":335,"3":1155,"4":1155},"f":{"0":335,"1":1155,"2":1155},"b":{},"_coverageSchema":"1a1c01bbd47fc00a2c39e90264f33305004495a9","hash":"ab9417e1afcc03f0679df78236a6118e30326b64"}
}
