TN:
SF:App.js
FN:5,(anonymous_0)
FNF:1
FNH:1
FNDA:30,(anonymous_0)
DA:5,2
DA:6,30
LF:2
LH:2
BRF:0
BRH:0
end_of_record
TN:
SF:assets/UCSCSlugLogo.png
FNF:0
FNH:0
DA:1,2
LF:1
LH:1
BRF:0
BRH:0
end_of_record
TN:
SF:src/Main.js
FN:31,(anonymous_0)
FN:35,(anonymous_1)
FN:39,(anonymous_2)
FN:45,(anonymous_3)
FN:47,(anonymous_4)
FN:58,(anonymous_5)
FN:60,(anonymous_6)
FN:71,(anonymous_7)
FN:72,(anonymous_8)
FN:93,(anonymous_9)
FN:106,(anonymous_10)
FN:110,(anonymous_11)
FN:121,(anonymous_12)
FN:142,(anonymous_13)
FN:147,(anonymous_14)
FN:153,(anonymous_15)
FN:160,(anonymous_16)
FN:167,(anonymous_17)
FN:173,(anonymous_18)
FN:179,(anonymous_19)
FN:190,(anonymous_20)
FN:201,(anonymous_21)
FN:212,(anonymous_22)
FN:223,(anonymous_23)
FN:229,(anonymous_24)
FN:235,(anonymous_25)
FN:248,(anonymous_26)
FNF:27
FNH:27
FNDA:401,(anonymous_0)
FNDA:7,(anonymous_1)
FNDA:388,(anonymous_2)
FNDA:95,(anonymous_3)
FNDA:6,(anonymous_4)
FNDA:73,(anonymous_5)
FNDA:6,(anonymous_6)
FNDA:388,(anonymous_7)
FNDA:1,(anonymous_8)
FNDA:11,(anonymous_9)
FNDA:243,(anonymous_10)
FNDA:5,(anonymous_11)
FNDA:5,(anonymous_12)
FNDA:486,(anonymous_13)
FNDA:388,(anonymous_14)
FNDA:278,(anonymous_15)
FNDA:243,(anonymous_16)
FNDA:82,(anonymous_17)
FNDA:95,(anonymous_18)
FNDA:3,(anonymous_19)
FNDA:27,(anonymous_20)
FNDA:14,(anonymous_21)
FNDA:35,(anonymous_22)
FNDA:68,(anonymous_23)
FNDA:73,(anonymous_24)
FNDA:27,(anonymous_25)
FNDA:73,(anonymous_26)
DA:29,2
DA:31,2
DA:33,401
DA:35,401
DA:36,7
DA:39,401
DA:40,388
DA:45,401
DA:46,95
DA:47,6
DA:58,401
DA:59,73
DA:60,6
DA:71,401
DA:72,388
DA:73,1
DA:74,1
DA:75,1
DA:76,1
DA:80,388
DA:93,11
DA:106,401
DA:107,243
DA:110,5
DA:121,5
DA:133,401
DA:142,486
DA:147,388
DA:153,278
DA:160,243
DA:167,82
DA:173,95
DA:179,3
DA:190,27
DA:201,14
DA:212,35
DA:223,68
DA:229,73
DA:235,27
DA:248,73
LF:40
LH:40
BRDA:82,0,0,388
BRDA:82,0,1,388
BRDA:82,0,2,388
BRDA:108,1,0,243
BRDA:108,1,1,243
BRDA:108,1,2,243
BRDA:137,2,0,335
BRDA:137,2,1,66
BRDA:159,3,0,222
BRDA:159,3,1,56
BRF:10
BRH:10
end_of_record
TN:
SF:src/Styles.js
FNF:0
FNH:0
LF:0
LH:0
BRF:0
BRH:0
end_of_record
TN:
SF:src/Data/LoginCredentials.js
FN:2,(anonymous_0)
FNF:1
FNH:1
FNDA:28,(anonymous_0)
DA:3,28
DA:4,28
LF:2
LH:2
BRF:0
BRH:0
end_of_record
TN:
SF:src/Data/LoginResponse.js
FN:2,(anonymous_0)
FNF:1
FNH:1
FNDA:27,(anonymous_0)
DA:3,27
DA:4,27
DA:5,27
LF:3
LH:3
BRF:0
BRH:0
end_of_record
TN:
SF:src/Model/ViewModel.js
FN:26,(anonymous_0)
FN:39,(anonymous_1)
FN:40,(anonymous_2)
FN:53,(anonymous_3)
FN:58,(anonymous_4)
FN:59,(anonymous_5)
FN:71,(anonymous_6)
FN:72,(anonymous_7)
FN:84,(anonymous_8)
FN:85,(anonymous_9)
FN:105,(anonymous_10)
FN:106,(anonymous_11)
FN:114,(anonymous_12)
FN:131,(anonymous_13)
FN:132,(anonymous_14)
FN:152,(anonymous_15)
FN:153,(anonymous_16)
FN:173,(anonymous_17)
FN:174,(anonymous_18)
FN:178,(anonymous_19)
FN:178,(anonymous_20)
FNF:21
FNH:21
FNDA:403,(anonymous_0)
FNDA:56,(anonymous_1)
FNDA:28,(anonymous_2)
FNDA:28,(anonymous_3)
FNDA:62,(anonymous_4)
FNDA:62,(anonymous_5)
FNDA:125,(anonymous_6)
FNDA:90,(anonymous_7)
FNDA:80,(anonymous_8)
FNDA:18,(anonymous_9)
FNDA:72,(anonymous_10)
FNDA:10,(anonymous_11)
FNDA:12,(anonymous_12)
FNDA:102,(anonymous_13)
FNDA:40,(anonymous_14)
FNDA:80,(anonymous_15)
FNDA:18,(anonymous_16)
FNDA:88,(anonymous_17)
FNDA:53,(anonymous_18)
FNDA:4081,(anonymous_19)
FNDA:846,(anonymous_20)
DA:24,2
DA:26,2
DA:27,403
DA:28,401
DA:29,401
DA:30,401
DA:31,401
DA:32,401
DA:33,401
DA:34,401
DA:35,401
DA:36,401
DA:37,401
DA:39,401
DA:40,56
DA:41,28
DA:42,28
DA:43,27
DA:48,56
DA:49,28
DA:53,401
DA:54,28
DA:58,401
DA:59,62
DA:60,62
DA:61,62
DA:62,27
DA:63,27
DA:67,62
DA:71,401
DA:72,125
DA:73,90
DA:74,90
DA:75,90
DA:78,125
DA:79,90
DA:84,401
DA:85,80
DA:86,18
DA:87,18
DA:91,18
DA:94,80
DA:100,18
DA:105,401
DA:106,72
DA:107,10
DA:108,10
DA:113,10
DA:115,12
DA:119,12
DA:122,10
DA:125,72
DA:126,10
DA:131,401
DA:132,102
DA:133,40
DA:134,40
DA:138,40
DA:141,102
DA:147,40
DA:152,401
DA:153,80
DA:154,18
DA:155,18
DA:159,18
DA:162,80
DA:168,18
DA:173,401
DA:174,88
DA:175,53
DA:176,53
DA:177,53
DA:178,4081
DA:180,53
DA:183,88
DA:184,53
DA:188,401
LF:77
LH:77
BRDA:48,0,0,28
BRDA:48,0,1,28
BRDA:61,1,0,27
BRDA:61,1,1,35
BRDA:61,2,0,62
BRDA:61,2,1,27
BRDA:78,3,0,90
BRDA:78,3,1,35
BRDA:78,4,0,125
BRDA:78,4,1,90
BRDA:94,5,0,18
BRDA:94,5,1,62
BRDA:95,6,0,80
BRDA:95,6,1,23
BRDA:95,6,2,23
BRDA:95,6,3,18
BRDA:125,7,0,10
BRDA:125,7,1,62
BRDA:125,8,0,72
BRDA:125,8,1,13
BRDA:125,8,2,13
BRDA:125,8,3,10
BRDA:141,9,0,40
BRDA:141,9,1,62
BRDA:142,10,0,102
BRDA:142,10,1,45
BRDA:142,10,2,45
BRDA:142,10,3,40
BRDA:162,11,0,18
BRDA:162,11,1,62
BRDA:163,12,0,80
BRDA:163,12,1,23
BRDA:163,12,2,23
BRDA:163,12,3,18
BRDA:183,13,0,53
BRDA:183,13,1,35
BRDA:183,14,0,88
BRDA:183,14,1,53
BRDA:183,14,2,53
BRF:39
BRH:39
end_of_record
TN:
SF:src/Repo/ChannelRepo.js
FN:1,(anonymous_0)
FN:15,(anonymous_1)
FN:27,(anonymous_2)
FNF:3
FNH:3
FNDA:58,(anonymous_0)
FNDA:1,(anonymous_1)
FNDA:3,(anonymous_2)
DA:1,2
DA:2,58
DA:3,58
DA:7,58
DA:11,58
DA:12,58
DA:15,2
DA:16,1
DA:17,1
DA:21,1
DA:27,2
DA:28,3
DA:29,3
DA:34,3
DA:35,3
DA:40,3
DA:41,3
LF:17
LH:17
BRF:0
BRH:0
end_of_record
TN:
SF:src/Repo/Login.js
FN:1,(anonymous_0)
FNF:1
FNH:1
FNDA:28,(anonymous_0)
DA:1,2
DA:2,28
DA:3,28
DA:7,28
DA:12,28
DA:13,27
LF:6
LH:6
BRF:0
BRH:0
end_of_record
TN:
SF:src/Repo/MemberRepo.js
FN:6,(anonymous_0)
FN:20,(anonymous_1)
FN:22,(anonymous_2)
FN:26,(anonymous_3)
FN:40,(anonymous_4)
FN:56,(anonymous_5)
FNF:6
FNH:6
FNDA:69,(anonymous_0)
FNDA:16,(anonymous_1)
FNDA:864,(anonymous_2)
FNDA:25,(anonymous_3)
FNDA:6,(anonymous_4)
FNDA:1,(anonymous_5)
DA:6,2
DA:7,69
DA:8,69
DA:12,69
DA:16,69
DA:17,69
DA:20,2
DA:21,16
DA:22,864
DA:23,16
DA:26,2
DA:27,25
DA:28,25
DA:32,25
DA:36,25
DA:37,25
DA:40,2
DA:42,6
DA:46,6
DA:50,6
DA:56,2
DA:58,1
DA:62,1
DA:66,1
LF:24
LH:24
BRF:0
BRH:0
end_of_record
TN:
SF:src/Repo/MessageRepo.js
FN:1,(anonymous_0)
FN:15,(anonymous_1)
FN:32,(anonymous_2)
FNF:3
FNH:3
FNDA:10,(anonymous_0)
FNDA:4,(anonymous_1)
FNDA:1,(anonymous_2)
DA:1,2
DA:2,10
DA:3,10
DA:7,10
DA:11,10
DA:12,10
DA:15,2
DA:16,4
DA:17,4
DA:22,4
DA:23,4
DA:28,4
DA:29,4
DA:32,2
DA:33,1
DA:34,1
DA:38,1
LF:17
LH:17
BRF:0
BRH:0
end_of_record
TN:
SF:src/Repo/Reset.js
FN:1,(anonymous_0)
FNF:1
FNH:1
FNDA:1,(anonymous_0)
DA:1,2
DA:2,1
DA:3,1
DA:7,1
LF:4
LH:4
BRF:0
BRH:0
end_of_record
TN:
SF:src/Repo/WorkspaceRepo.js
FN:1,(anonymous_0)
FN:15,(anonymous_1)
FN:27,(anonymous_2)
FNF:3
FNH:3
FNDA:118,(anonymous_0)
FNDA:9,(anonymous_1)
FNDA:9,(anonymous_2)
DA:1,2
DA:2,118
DA:3,118
DA:7,118
DA:11,118
DA:12,118
DA:15,2
DA:16,9
DA:17,9
DA:21,9
DA:27,2
DA:28,9
DA:29,9
DA:34,9
DA:35,9
DA:40,9
DA:41,9
LF:17
LH:17
BRF:0
BRH:0
end_of_record
TN:
SF:src/UI/AddChannel.js
FN:7,(anonymous_0)
FN:12,(anonymous_1)
FN:16,(anonymous_2)
FNF:3
FNH:3
FNDA:17,(anonymous_0)
FNDA:1,(anonymous_1)
FNDA:3,(anonymous_2)
DA:7,2
DA:9,17
DA:10,17
DA:12,17
DA:13,1
DA:16,17
DA:17,3
DA:18,3
DA:23,3
DA:24,3
DA:26,3
DA:29,17
LF:12
LH:12
BRDA:47,0,0,17
BRDA:47,0,1,9
BRF:2
BRH:2
end_of_record
TN:
SF:src/UI/AddMembers.js
FN:7,(anonymous_0)
FN:16,(anonymous_1)
FN:17,(anonymous_2)
FNF:3
FNH:3
FNDA:50,(anonymous_0)
FNDA:14,(anonymous_1)
FNDA:14,(anonymous_2)
DA:7,2
DA:8,50
DA:10,50
DA:16,14
DA:17,14
LF:5
LH:5
BRF:0
BRH:0
end_of_record
TN:
SF:src/UI/AddMessage.js
FN:14,(anonymous_0)
FN:19,(anonymous_1)
FN:23,(anonymous_2)
FNF:3
FNH:3
FNDA:31,(anonymous_0)
FNDA:1,(anonymous_1)
FNDA:4,(anonymous_2)
DA:14,2
DA:16,31
DA:17,31
DA:19,31
DA:20,1
DA:23,31
DA:24,4
DA:25,4
DA:30,4
DA:34,4
DA:38,4
DA:39,4
DA:41,4
DA:44,31
LF:14
LH:14
BRDA:62,0,0,31
BRDA:62,0,1,23
BRF:2
BRH:2
end_of_record
TN:
SF:src/UI/AddWorkspace.js
FN:7,(anonymous_0)
FN:12,(anonymous_1)
FN:16,(anonymous_2)
FNF:3
FNH:3
FNDA:44,(anonymous_0)
FNDA:1,(anonymous_1)
FNDA:9,(anonymous_2)
DA:7,2
DA:9,44
DA:10,44
DA:12,44
DA:13,1
DA:16,44
DA:17,9
DA:18,9
DA:19,9
DA:20,9
DA:22,9
DA:25,44
LF:12
LH:12
BRDA:43,0,0,44
BRDA:43,0,1,30
BRF:2
BRH:2
end_of_record
TN:
SF:src/UI/ChannelCard.js
FN:10,(anonymous_0)
FN:21,(anonymous_1)
FN:30,(anonymous_2)
FN:31,(anonymous_3)
FN:32,(anonymous_4)
FN:37,(anonymous_5)
FNF:6
FNH:6
FNDA:261,(anonymous_0)
FNDA:10,(anonymous_1)
FNDA:1,(anonymous_2)
FNDA:1,(anonymous_3)
FNDA:1,(anonymous_4)
FNDA:219,(anonymous_5)
DA:10,2
DA:19,261
DA:21,261
DA:23,10
DA:24,9
DA:26,10
DA:27,10
DA:30,261
DA:31,1
DA:32,1
DA:34,1
DA:37,261
DA:38,219
DA:51,261
LF:14
LH:14
BRDA:23,0,0,9
BRDA:23,0,1,1
BRDA:52,1,0,219
BRDA:52,1,1,42
BRDA:60,2,0,143
BRDA:60,2,1,118
BRF:6
BRH:6
end_of_record
TN:
SF:src/UI/ChannelList.js
FN:7,(anonymous_0)
FN:16,(anonymous_1)
FN:17,(anonymous_2)
FNF:3
FNH:3
FNDA:207,(anonymous_0)
FNDA:261,(anonymous_1)
FNDA:261,(anonymous_2)
DA:7,2
DA:8,207
DA:10,207
DA:16,261
DA:18,261
LF:5
LH:5
BRF:0
BRH:0
end_of_record
TN:
SF:src/UI/Login.js
FN:8,(anonymous_0)
FN:14,(anonymous_1)
FNF:2
FNH:2
FNDA:122,(anonymous_0)
FNDA:28,(anonymous_1)
DA:8,2
DA:9,122
DA:10,122
DA:12,122
DA:14,122
DA:15,28
DA:18,122
LF:7
LH:7
BRF:0
BRH:0
end_of_record
TN:
SF:src/UI/MemberCard.js
FN:9,(anonymous_0)
FN:13,(anonymous_1)
FN:14,(anonymous_2)
FN:15,(anonymous_3)
FN:31,(anonymous_4)
FNF:5
FNH:5
FNDA:14,(anonymous_0)
FNDA:1,(anonymous_1)
FNDA:1,(anonymous_2)
FNDA:1,(anonymous_3)
FNDA:14,(anonymous_4)
DA:9,2
DA:11,14
DA:13,14
DA:14,1
DA:15,1
DA:17,1
DA:18,1
DA:23,1
DA:27,1
DA:31,14
DA:32,14
DA:46,14
LF:12
LH:12
BRF:0
BRH:0
end_of_record
TN:
SF:src/UI/Message.js
FN:5,(anonymous_0)
FNF:1
FNH:1
FNDA:1,(anonymous_0)
DA:5,2
DA:6,1
DA:8,1
LF:3
LH:3
BRF:0
BRH:0
end_of_record
TN:
SF:src/UI/MessageCard.js
FN:19,(anonymous_0)
FN:23,(anonymous_1)
FN:46,(anonymous_2)
FN:54,(anonymous_3)
FN:55,(anonymous_4)
FN:56,(anonymous_5)
FN:61,(anonymous_6)
FNF:7
FNH:7
FNDA:32,(anonymous_0)
FNDA:33,(anonymous_1)
FNDA:1,(anonymous_2)
FNDA:1,(anonymous_3)
FNDA:1,(anonymous_4)
FNDA:1,(anonymous_5)
FNDA:29,(anonymous_6)
DA:19,2
DA:21,32
DA:23,32
DA:24,33
DA:31,33
DA:35,33
DA:40,33
DA:43,33
DA:46,32
DA:47,1
DA:54,32
DA:55,1
DA:56,1
DA:58,1
DA:61,32
DA:62,29
DA:75,32
DA:76,32
LF:18
LH:18
BRDA:75,0,0,32
BRDA:75,0,1,8
BRDA:78,1,0,29
BRDA:78,1,1,3
BRF:4
BRH:4
end_of_record
TN:
SF:src/UI/MessageList.js
FN:7,(anonymous_0)
FN:16,(anonymous_1)
FN:17,(anonymous_2)
FNF:3
FNH:3
FNDA:66,(anonymous_0)
FNDA:32,(anonymous_1)
FNDA:32,(anonymous_2)
DA:7,2
DA:8,66
DA:10,66
DA:16,32
DA:18,32
LF:5
LH:5
BRF:0
BRH:0
end_of_record
TN:
SF:src/UI/SelectMemberCard.js
FN:9,(anonymous_0)
FN:13,(anonymous_1)
FN:29,(anonymous_2)
FNF:3
FNH:3
FNDA:2376,(anonymous_0)
FNDA:6,(anonymous_1)
FNDA:2376,(anonymous_2)
DA:9,2
DA:11,2376
DA:13,2376
DA:14,6
DA:15,6
DA:20,6
DA:24,6
DA:26,6
DA:29,2376
DA:30,2376
DA:44,2376
LF:11
LH:11
BRF:0
BRH:0
end_of_record
TN:
SF:src/UI/SelectMembers.js
FN:7,(anonymous_0)
FN:15,(anonymous_1)
FN:16,(anonymous_2)
FNF:3
FNH:3
FNDA:27,(anonymous_0)
FNDA:3482,(anonymous_1)
FNDA:2376,(anonymous_2)
DA:7,2
DA:8,27
DA:9,27
DA:15,3482
DA:17,2376
LF:5
LH:5
BRF:0
BRH:0
end_of_record
TN:
SF:src/UI/WorkspaceCard.js
FN:9,(anonymous_0)
FN:20,(anonymous_1)
FN:34,(anonymous_2)
FN:35,(anonymous_3)
FN:36,(anonymous_4)
FN:41,(anonymous_5)
FNF:6
FNH:6
FNDA:1155,(anonymous_0)
FNDA:18,(anonymous_1)
FNDA:9,(anonymous_2)
FNDA:9,(anonymous_3)
FNDA:36,(anonymous_4)
FNDA:395,(anonymous_5)
DA:9,2
DA:18,1155
DA:20,1155
DA:21,18
DA:22,14
DA:24,4
DA:27,18
DA:28,1
DA:30,18
DA:31,18
DA:34,1155
DA:35,9
DA:36,36
DA:38,9
DA:41,1155
DA:42,395
DA:56,1155
DA:61,395
DA:79,760
LF:19
LH:19
BRDA:21,0,0,14
BRDA:21,0,1,4
BRDA:27,1,0,1
BRDA:27,1,1,17
BRDA:27,2,0,18
BRDA:27,2,1,1
BRDA:27,2,2,1
BRDA:56,3,0,395
BRDA:56,3,1,760
BRDA:57,4,0,1155
BRDA:57,4,1,1155
BRDA:57,4,2,1155
BRDA:71,5,0,88
BRDA:71,5,1,307
BRDA:88,6,0,79
BRDA:88,6,1,681
BRF:16
BRH:16
end_of_record
TN:
SF:src/UI/WorkspaceList.js
FN:7,(anonymous_0)
FN:15,(anonymous_1)
FN:16,(anonymous_2)
FNF:3
FNH:3
FNDA:335,(anonymous_0)
FNDA:1155,(anonymous_1)
FNDA:1155,(anonymous_2)
DA:7,2
DA:8,335
DA:9,335
DA:15,1155
DA:17,1155
LF:5
LH:5
BRF:0
BRH:0
end_of_record
